TN:
SF:src/App.js
FN:8,(anonymous_0)
FN:9,(anonymous_1)
FN:10,(anonymous_2)
FN:11,(anonymous_3)
FN:12,(anonymous_4)
FN:13,(anonymous_5)
FN:14,(anonymous_6)
FN:15,(anonymous_7)
FN:16,(anonymous_8)
FN:17,(anonymous_9)
FN:18,(anonymous_10)
FN:19,(anonymous_11)
FN:20,(anonymous_12)
FN:21,(anonymous_13)
FN:22,(anonymous_14)
FN:23,(anonymous_15)
FN:24,(anonymous_16)
FN:25,(anonymous_17)
FN:26,(anonymous_18)
FN:27,(anonymous_19)
FN:28,(anonymous_20)
FN:29,(anonymous_21)
FN:30,(anonymous_22)
FN:31,(anonymous_23)
FN:32,(anonymous_24)
FN:33,(anonymous_25)
FN:34,(anonymous_26)
FN:37,(anonymous_27)
FN:50,App
FNF:29
FNH:4
FNDA:0,(anonymous_0)
FNDA:0,(anonymous_1)
FNDA:0,(anonymous_2)
FNDA:0,(anonymous_3)
FNDA:1,(anonymous_4)
FNDA:0,(anonymous_5)
FNDA:0,(anonymous_6)
FNDA:0,(anonymous_7)
FNDA:0,(anonymous_8)
FNDA:0,(anonymous_9)
FNDA:0,(anonymous_10)
FNDA:0,(anonymous_11)
FNDA:0,(anonymous_12)
FNDA:0,(anonymous_13)
FNDA:0,(anonymous_14)
FNDA:0,(anonymous_15)
FNDA:0,(anonymous_16)
FNDA:0,(anonymous_17)
FNDA:0,(anonymous_18)
FNDA:1,(anonymous_19)
FNDA:0,(anonymous_20)
FNDA:0,(anonymous_21)
FNDA:0,(anonymous_22)
FNDA:0,(anonymous_23)
FNDA:0,(anonymous_24)
FNDA:0,(anonymous_25)
FNDA:0,(anonymous_26)
FNDA:2,(anonymous_27)
FNDA:1,App
DA:8,1
DA:9,1
DA:10,1
DA:11,1
DA:12,1
DA:13,1
DA:14,1
DA:15,1
DA:16,1
DA:17,1
DA:18,1
DA:19,1
DA:20,1
DA:21,1
DA:22,1
DA:23,1
DA:24,1
DA:25,1
DA:26,1
DA:27,1
DA:28,1
DA:29,1
DA:30,1
DA:31,1
DA:32,1
DA:33,1
DA:34,1
DA:37,1
DA:38,2
DA:51,1
LF:30
LH:30
BRF:0
BRH:0
end_of_record
TN:
SF:src/index.js
FNF:0
FNH:0
DA:8,0
DA:9,0
DA:18,0
LF:3
LH:0
BRF:0
BRH:0
end_of_record
TN:
SF:src/serviceWorkerRegistration.js
FN:10,register
FN:17,(anonymous_1)
FN:22,(anonymous_2)
FN:32,registerValidSW
FN:35,(anonymous_4)
FN:36,(anonymous_5)
FN:41,(anonymous_6)
FN:58,(anonymous_7)
FN:63,checkValidServiceWorker
FN:67,(anonymous_9)
FN:73,(anonymous_10)
FN:74,(anonymous_11)
FN:82,(anonymous_12)
FN:87,unregister
FN:90,(anonymous_14)
FN:93,(anonymous_15)
FNF:16
FNH:0
FNDA:0,register
FNDA:0,(anonymous_1)
FNDA:0,(anonymous_2)
FNDA:0,registerValidSW
FNDA:0,(anonymous_4)
FNDA:0,(anonymous_5)
FNDA:0,(anonymous_6)
FNDA:0,(anonymous_7)
FNDA:0,checkValidServiceWorker
FNDA:0,(anonymous_9)
FNDA:0,(anonymous_10)
FNDA:0,(anonymous_11)
FNDA:0,(anonymous_12)
FNDA:0,unregister
FNDA:0,(anonymous_14)
FNDA:0,(anonymous_15)
DA:4,0
DA:11,0
DA:12,0
DA:13,0
DA:14,0
DA:17,0
DA:18,0
DA:20,0
DA:21,0
DA:22,0
DA:23,0
DA:26,0
DA:33,0
DA:36,0
DA:37,0
DA:38,0
DA:39,0
DA:41,0
DA:42,0
DA:43,0
DA:44,0
DA:45,0
DA:46,0
DA:49,0
DA:50,0
DA:51,0
DA:59,0
DA:64,0
DA:68,0
DA:69,0
DA:73,0
DA:74,0
DA:75,0
DA:79,0
DA:83,0
DA:88,0
DA:89,0
DA:91,0
DA:94,0
LF:39
LH:0
BRDA:5,0,0,0
BRDA:5,0,1,0
BRDA:5,0,2,0
BRDA:11,1,0,0
BRDA:11,1,1,0
BRDA:11,2,0,0
BRDA:11,2,1,0
BRDA:13,3,0,0
BRDA:13,3,1,0
BRDA:20,4,0,0
BRDA:20,4,1,0
BRDA:38,5,0,0
BRDA:38,5,1,0
BRDA:42,6,0,0
BRDA:42,6,1,0
BRDA:43,7,0,0
BRDA:43,7,1,0
BRDA:45,8,0,0
BRDA:45,8,1,0
BRDA:45,9,0,0
BRDA:45,9,1,0
BRDA:50,10,0,0
BRDA:50,10,1,0
BRDA:50,11,0,0
BRDA:50,11,1,0
BRDA:69,12,0,0
BRDA:69,12,1,0
BRDA:70,13,0,0
BRDA:70,13,1,0
BRDA:70,13,2,0
BRDA:88,14,0,0
BRDA:88,14,1,0
BRF:32
BRH:0
end_of_record
TN:
SF:src/assets/React App_files/bundle.js
FN:1,(anonymous_0)
FN:8,(anonymous_1)
FN:38,(anonymous_2)
FN:48,getModuleExports
FN:66,(anonymous_4)
FN:81,getReactRefreshBoundarySignature
FN:106,getWebpackHotData
FN:117,createDebounceUpdate
FN:129,enqueueUpdate
FN:131,(anonymous_9)
FN:148,isReactRefreshBoundary
FN:186,registerExportsForReactRefresh
FN:216,shouldInvalidateReactRefreshBoundary
FN:228,executeRuntime
FN:244,hotDisposeCallback
FN:254,hotErrorHandler
FN:274,updateCallback
FN:302,(anonymous_17)
FN:354,(anonymous_18)
FN:363,ansiHTML
FN:372,(anonymous_20)
FN:404,(anonymous_21)
FN:419,(anonymous_22)
FN:444,(anonymous_23)
FN:455,(anonymous_24)
FN:460,(anonymous_25)
FN:468,_setTags
FN:491,(anonymous_27)
FN:505,(anonymous_28)
FN:519,(anonymous_29)
FN:532,(anonymous_30)
FN:548,(anonymous_31)
FN:558,(anonymous_32)
FN:569,(anonymous_33)
FN:579,(anonymous_34)
FN:590,(anonymous_35)
FN:598,(anonymous_36)
FN:608,(anonymous_37)
FN:616,(anonymous_38)
FN:618,(anonymous_39)
FN:629,(anonymous_40)
FN:634,(anonymous_41)
FN:649,(anonymous_42)
FN:658,(anonymous_43)
FN:677,(anonymous_44)
FN:685,(anonymous_45)
FN:688,(anonymous_46)
FN:700,(anonymous_47)
FN:710,(anonymous_48)
FN:720,(anonymous_49)
FN:736,(anonymous_50)
FN:772,(anonymous_51)
FN:789,(anonymous_52)
FN:790,(anonymous_53)
FN:823,(anonymous_54)
FN:882,(anonymous_55)
FN:887,(anonymous_56)
FN:901,(anonymous_57)
FN:912,(anonymous_58)
FN:922,(anonymous_59)
FN:933,(anonymous_60)
FN:935,(anonymous_61)
FN:947,(anonymous_62)
FN:953,(anonymous_63)
FN:955,(anonymous_64)
FN:966,(anonymous_65)
FN:974,(anonymous_66)
FN:984,(anonymous_67)
FN:991,(anonymous_68)
FN:1004,(anonymous_69)
FN:1014,(anonymous_70)
FN:1015,(anonymous_71)
FN:1026,(anonymous_72)
FN:1034,(anonymous_73)
FN:1037,(anonymous_74)
FN:1047,(anonymous_75)
FN:1057,(anonymous_76)
FN:1068,(anonymous_77)
FN:1073,(anonymous_78)
FN:1084,(anonymous_79)
FN:1094,(anonymous_80)
FN:1106,hasOwn
FN:1116,(anonymous_82)
FN:1126,(anonymous_83)
FN:1129,(anonymous_84)
FN:1141,(anonymous_85)
FN:1153,(anonymous_86)
FN:1157,(anonymous_87)
FN:1167,(anonymous_88)
FN:1178,(anonymous_89)
FN:1180,(anonymous_90)
FN:1190,(anonymous_91)
FN:1198,(anonymous_92)
FN:1202,(anonymous_93)
FN:1216,(anonymous_94)
FN:1223,(anonymous_95)
FN:1233,(anonymous_96)
FN:1239,(anonymous_97)
FN:1249,(anonymous_98)
FN:1262,(anonymous_99)
FN:1272,(anonymous_100)
FN:1274,(anonymous_101)
FN:1285,(anonymous_102)
FN:1306,defineProperty
FN:1322,defineProperty
FN:1340,(anonymous_105)
FN:1359,getOwnPropertyDescriptor
FN:1374,(anonymous_107)
FN:1388,(anonymous_108)
FN:1404,propertyIsEnumerable
FN:1415,(anonymous_110)
FN:1427,(anonymous_111)
FN:1441,(anonymous_112)
FN:1454,(anonymous_113)
FN:1464,(anonymous_114)
FN:1475,(anonymous_115)
FN:1499,(anonymous_116)
FN:1505,(anonymous_117)
FN:1515,(anonymous_118)
FN:1527,(anonymous_119)
FN:1544,(anonymous_120)
FN:1552,(anonymous_121)
FN:1562,(anonymous_122)
FN:1572,(anonymous_123)
FN:1582,(anonymous_124)
FN:1598,(anonymous_125)
FN:1618,(anonymous_126)
FN:1628,(anonymous_127)
FN:1639,(anonymous_128)
FN:1645,(anonymous_129)
FN:1659,(anonymous_130)
FN:1668,(anonymous_131)
FN:1678,(anonymous_132)
FN:1693,(anonymous_133)
FN:1703,(anonymous_134)
FN:1705,(anonymous_135)
FN:1717,(anonymous_136)
FN:1731,(anonymous_137)
FN:1744,(anonymous_138)
FN:1767,(anonymous_139)
FN:1781,(anonymous_140)
FN:1795,(anonymous_141)
FN:1800,(anonymous_142)
FN:1832,(anonymous_143)
FN:1837,(anonymous_144)
FN:1903,(anonymous_145)
FN:1908,(anonymous_146)
FN:1976,(anonymous_147)
FN:1981,(anonymous_148)
FN:2017,(anonymous_149)
FN:2022,(anonymous_150)
FN:2066,(anonymous_151)
FN:2071,(anonymous_152)
FN:2113,(anonymous_153)
FN:2118,(anonymous_154)
FN:2150,(anonymous_155)
FN:2159,(anonymous_156)
FN:2163,toString
FN:2164,(anonymous_158)
FN:2191,i
FN:2245,(anonymous_160)
FN:2250,(anonymous_161)
FN:2271,(anonymous_162)
FN:2298,ReflectApply
FN:2305,ReflectOwnKeys
FN:2309,ReflectOwnKeys
FN:2313,ProcessEmitWarning
FN:2316,NumberIsNaN
FN:2319,EventEmitter
FN:2334,checkListener
FN:2341,(anonymous_170)
FN:2344,(anonymous_171)
FN:2351,(anonymous_172)
FN:2361,setMaxListeners
FN:2368,_getMaxListeners
FN:2372,getMaxListeners
FN:2375,emit
FN:2407,_addListener
FN:2459,addListener
FN:2463,prependListener
FN:2466,onceWrapper
FN:2474,_onceWrap
FN:2487,once
FN:2492,prependOnceListener
FN:2499,removeListener
FN:2530,removeAllListeners
FN:2571,_listeners
FN:2579,listeners
FN:2582,rawListeners
FN:2585,(anonymous_189)
FN:2593,listenerCount
FN:2605,eventNames
FN:2608,arrayClone
FN:2613,spliceOne
FN:2617,unwrapListeners
FN:2624,once
FN:2625,(anonymous_196)
FN:2626,errorListener
FN:2630,resolver
FN:2647,addErrorHandlerIfEventEmitter
FN:2652,eventTargetAgnosticAddListener
FN:2662,wrapListener
FN:2681,(anonymous_202)
FN:2686,(anonymous_203)
FN:2687,(anonymous_204)
FN:2688,(anonymous_205)
FN:2693,(anonymous_206)
FN:2694,(anonymous_207)
FN:2722,encode
FN:2736,(anonymous_209)
FN:2776,getDecodedEntity
FN:2796,decodeEntity
FN:2806,decode
FN:2819,(anonymous_213)
FN:2830,(anonymous_214)
FN:2835,(anonymous_215)
FN:2836,(anonymous_216)
FN:2838,(anonymous_217)
FN:2839,(anonymous_218)
FN:2851,generateNamedReferences
FN:2894,(anonymous_220)
FN:2899,(anonymous_221)
FN:2938,(anonymous_222)
FN:2943,(anonymous_223)
FN:2944,(anonymous_224)
FN:2945,(anonymous_225)
FN:2946,(anonymous_226)
FN:2948,(anonymous_227)
FN:2952,(anonymous_228)
FN:2954,(anonymous_229)
FN:2966,(anonymous_230)
FN:2984,(anonymous_231)
FN:2985,findHook
FN:2989,copyWithSetImpl
FN:2996,copyWithRename
FN:3005,copyWithRenameImpl
FN:3011,copyWithDeleteImpl
FN:3018,shouldSuspendImpl
FN:3021,shouldErrorImpl
FN:3024,warnForMissingKey
FN:3025,warnInvalidHookAccess
FN:3028,warnInvalidContextAccess
FN:3031,noop$2
FN:3032,setToSortedString
FN:3034,(anonymous_244)
FN:3039,createFiber
FN:3042,scheduleRoot
FN:3045,scheduleRefresh
FN:3054,setRefreshHandler
FN:3057,isValidContainer
FN:3060,getNearestMountedFiber
FN:3069,getSuspenseInstanceFromFiber
FN:3077,assertIsMounted
FN:3080,findCurrentFiberUsingSlowPath
FN:3147,findCurrentHostFiberImpl
FN:3157,getIteratorFn
FN:3162,getComponentNameFromType
FN:3203,getComponentNameFromOwner
FN:3206,getComponentNameFromFiber
FN:3263,createCursor
FN:3268,pop
FN:3271,push
FN:3277,requiredContext
FN:3281,pushHostContainer
FN:3313,popHostContainer
FN:3318,getHostContext
FN:3321,pushHostContext
FN:3333,popHostContext
FN:3337,typeName
FN:3340,willCoercionThrow
FN:3347,testStringCoercion
FN:3350,checkAttributeStringCoercion
FN:3353,checkCSSPropertyStringCoercion
FN:3356,checkFormFieldValueStringCoercion
FN:3359,injectInternals
FN:3371,setIsStrictModeForDevtools
FN:3379,injectProfilingHooks
FN:3382,markCommitStopped
FN:3385,markComponentRenderStarted
FN:3388,markComponentRenderStopped
FN:3391,markRenderStarted
FN:3394,markRenderStopped
FN:3397,markStateUpdateScheduled
FN:3400,clz32Fallback
FN:3404,getLabelForLane
FN:3420,getHighestPriorityLanes
FN:3474,getNextLanes
FN:3485,checkIfRootIsPrerendering
FN:3488,computeExpirationTime
FN:3529,claimNextTransitionLane
FN:3535,claimNextRetryLane
FN:3541,createLaneMap
FN:3545,markRootUpdated$1
FN:3549,markRootFinished
FN:3577,markSpawnedDeferredLane
FN:3584,markRootEntangled
FN:3593,getBumpedLaneForHydrationByLane
FN:3632,addFiberToLanesMap
FN:3640,movePendingFibersToMemoized
FN:3645,(anonymous_299)
FN:3652,lanesToEventPriority
FN:3656,resolveUpdatePriority
FN:3662,runWithPriority
FN:3670,detachDeletedInstance
FN:3677,getClosestInstanceFromNode
FN:3694,getInstanceFromNode
FN:3701,getNodeFromInstance
FN:3706,getResourcesFromRoot
FN:3714,markNodeAsHoistable
FN:3717,registerTwoPhaseEvent
FN:3721,registerDirectEvent
FN:3729,checkControlledValueProps
FN:3733,isAttributeNameSafe
FN:3741,getValueForAttributeOnCustomComponent
FN:3761,setValueForAttribute
FN:3780,setValueForKnownAttribute
FN:3794,setValueForNamespacedAttribute
FN:3808,disabledLog
FN:3809,disableLogs
FN:3836,reenableLogs
FN:3870,describeBuiltInComponentFrame
FN:3880,describeNativeComponentFrame
FN:3893,(anonymous_322)
FN:3896,(anonymous_323)
FN:3900,(anonymous_324)
FN:3925,(anonymous_325)
FN:3966,formatOwnerStack
FN:3979,describeFiber
FN:4004,getStackByFiberInDevAndProd
FN:4026,describeFunctionComponentFrameWithoutLineNumber
FN:4029,getCurrentFiberOwnerNameInDevOrNull
FN:4034,getCurrentFiberStackInDev
FN:4079,runWithFiberInDEV
FN:4090,setCurrentFiber
FN:4095,getToStringValue
FN:4109,isCheckable
FN:4113,trackValueOnNode
FN:4123,(anonymous_337)
FN:4126,(anonymous_338)
FN:4136,(anonymous_339)
FN:4139,(anonymous_340)
FN:4143,(anonymous_341)
FN:4150,track
FN:4153,updateValueIfChanged
FN:4163,getActiveElement
FN:4172,escapeSelectorAttributeValueInsideDoubleQuotes
FN:4173,(anonymous_346)
FN:4177,validateInputProps
FN:4181,updateInput
FN:4194,initInput
FN:4209,setDefaultValue
FN:4212,validateOptionProps
FN:4213,(anonymous_352)
FN:4218,getDeclarationErrorAddendum
FN:4222,updateOptions
FN:4242,validateSelectProps
FN:4252,validateTextareaProps
FN:4256,updateTextarea
FN:4263,initTextarea
FN:4281,findNotableNode
FN:4284,indentation
FN:4287,added
FN:4290,removed
FN:4293,describeFiberType
FN:4316,describeTextNode
FN:4319,describeTextDiff
FN:4329,objectName
FN:4330,(anonymous_367)
FN:4334,describeValue
FN:4367,describePropValue
FN:4370,describeExpandedElement
FN:4381,describePropertiesDiff
FN:4394,describeElementDiff
FN:4411,(anonymous_373)
FN:4428,describeSiblingFiber
FN:4437,describeNode
FN:4473,describeDiff
FN:4480,describeAncestors
FN:4490,updatedAncestorInfoDev
FN:4510,isTagValidWithParent
FN:4570,findInvalidAncestorForTag
FN:4624,findAncestor
FN:4636,validateDOMNesting
FN:4650,(anonymous_383)
FN:4655,validateTextNesting
FN:4667,setTextContent
FN:4677,camelize
FN:4678,(anonymous_387)
FN:4682,setValueForStyle
FN:4687,setValueForStyles
FN:4710,isCustomElement
FN:4726,getAttributeAlias
FN:4729,validateProperty$1
FN:4745,validateProperties$2
FN:4749,(anonymous_394)
FN:4754,validateProperty
FN:4880,warnUnknownProperties
FN:4884,(anonymous_397)
FN:4889,sanitizeURL
FN:4892,getEventTarget
FN:4897,restoreStateOfTarget
FN:4928,batchedUpdates$1
FN:4938,getListener
FN:4966,getData
FN:4979,getEventCharCode
FN:4985,functionThatReturnsTrue
FN:4988,functionThatReturnsFalse
FN:4991,createSyntheticEvent
FN:4992,SyntheticBaseEvent
FN:5005,(anonymous_409)
FN:5010,(anonymous_410)
FN:5014,(anonymous_411)
FN:5019,modifierStateGetter
FN:5023,getEventModifierState
FN:5026,isFallbackCompositionEnd
FN:5040,getDataFromCustomEvent
FN:5044,getNativeBeforeInputChars
FN:5058,getFallbackBeforeInputChars
FN:5075,isTextInputElement
FN:5079,isEventSupported
FN:5086,createAndAccumulateChangeEvent
FN:5094,runEventInBatch
FN:5097,getInstIfValueChanged
FN:5101,getTargetInstForChangeEvent
FN:5104,stopWatchingForValueChange
FN:5107,handlePropertyChange
FN:5114,handleEventsForInputEventPolyfill
FN:5117,getTargetInstForInputEventPolyfill
FN:5120,getTargetInstForClickEvent
FN:5123,getTargetInstForInputOrChangeEvent
FN:5126,is
FN:5129,shallowEqual
FN:5141,getLeafNode
FN:5145,getNodeForCharacterOffset
FN:5170,containsNode
FN:5173,getActiveElementDeep
FN:5186,hasSelectionCapabilities
FN:5190,constructSelectEvent
FN:5205,makePrefixMap
FN:5212,getVendorPrefixedEventName
FN:5220,registerSimpleEvent
FN:5224,createCapturedValueAtFiber
FN:5242,finishQueueingConcurrentUpdates
FN:5260,enqueueUpdate$1
FN:5270,enqueueConcurrentHookUpdate
FN:5274,enqueueConcurrentRenderForLane
FN:5278,markUpdateLaneFromFiberToRoot
FN:5285,getRootForUpdatedFiber
FN:5292,resolveFunctionForHotReloading
FN:5297,resolveForwardRefForHotReloading
FN:5305,isCompatibleFamilyForHotReloading
FN:5330,markFailedErrorBoundaryForHotReloading
FN:5333,scheduleFibersWithFamiliesRecursively
FN:5359,FiberNode
FN:5380,shouldConstruct
FN:5384,createWorkInProgress
FN:5421,resetWorkInProgress
FN:5431,createFiberFromTypeAndProps
FN:5489,createFiberFromElement
FN:5496,createFiberFromFragment
FN:5501,createFiberFromText
FN:5506,createFiberFromPortal
FN:5516,pushTreeFork
FN:5523,pushTreeId
FN:5544,pushMaterializedTreeId
FN:5548,popTreeContext
FN:5552,warnIfNotHydrating
FN:5555,buildHydrationDiffNode
FN:5581,warnNonHydratedInstance
FN:5584,throwOnHydrationMismatch
FN:5591,prepareToHydrateHostInstance
FN:5646,popToNextHostParent
FN:5660,popHydrationState
FN:5687,resetHydrationState
FN:5691,upgradeHydrationErrorsToRecoverable
FN:5696,queueHydrationError
FN:5699,emitPendingHydrationWarnings
FN:5704,(anonymous_477)
FN:5709,resetContextDependencies
FN:5713,pushProvider
FN:5720,popProvider
FN:5727,scheduleContextWorkOnParentPath
FN:5736,propagateContextChanges
FN:5782,propagateParentContextChanges
FN:5804,checkIfContextChanged
FN:5811,prepareToReadContext
FN:5817,readContext
FN:5821,readContextDuringReconciliation
FN:5825,readContextForConsumer
FN:5844,createCache
FN:5851,retainCache
FN:5855,releaseCache
FN:5858,(anonymous_492)
FN:5862,pushNestedEffectDurations
FN:5867,popNestedEffectDurations
FN:5872,bubbleNestedEffectDurations
FN:5877,startProfilerTimer
FN:5881,stopProfilerTimerIfRunningAndRecordDuration
FN:5889,stopProfilerTimerIfRunningAndRecordIncompleteDuration
FN:5896,recordEffectDuration
FN:5903,startEffectTimer
FN:5906,transferActualDuration
FN:5909,entangleAsyncAction
FN:5917,(anonymous_503)
FN:5926,pingEngtangledActionScope
FN:5936,chainThenableValue
FN:5942,(anonymous_506)
FN:5946,(anonymous_507)
FN:5950,(anonymous_508)
FN:5957,peekCacheFromPool
FN:5961,pushTransition
FN:5964,getSuspendedCache
FN:5971,createThenableState
FN:5977,isThenableResolved
FN:5981,noop$3
FN:5982,trackUsedThenable
FN:5998,(anonymous_516)
FN:6004,(anonymous_517)
FN:6023,getSuspendedThenable
FN:6030,checkIfUseWrappedInAsyncCatch
FN:6033,initializeUpdateQueue
FN:6046,cloneUpdateQueue
FN:6056,createUpdate
FN:6065,enqueueUpdate
FN:6078,entangleTransitions
FN:6088,enqueueCapturedUpdate
FN:6123,suspendIfUpdateReadFromEntangledAsyncAction
FN:6129,processUpdateQueue
FN:6236,callCallback
FN:6240,commitHiddenCallbacks
FN:6244,commitCallbacks
FN:6248,pushHiddenContext
FN:6254,reuseHiddenContextOnStack
FN:6258,popHiddenContext
FN:6263,mountHookTypesDev
FN:6267,updateHookTypesDev
FN:6283,checkDepsAreArrayDev
FN:6286,warnOnUseFormStateInDev
FN:6290,throwInvalidHookError
FN:6293,areHookInputsEqual
FN:6300,renderWithHooks
FN:6326,finishRenderingHooks
FN:6347,renderWithHooksAgain
FN:6371,TransitionAwareHostComponent
FN:6379,checkDidRenderIdHook
FN:6384,bailoutHooks
FN:6389,resetHooksOnUnwind
FN:6406,mountWorkInProgressHook
FN:6417,updateWorkInProgressHook
FN:6440,createFunctionComponentUpdateQueue
FN:6448,useThenable
FN:6457,use
FN:6464,useMemoCache
FN:6471,(anonymous_553)
FN:6488,basicStateReducer
FN:6491,mountReducer
FN:6516,updateReducer
FN:6520,updateReducerImpl
FN:6589,rerenderReducer
FN:6608,mountSyncExternalStore
FN:6632,updateSyncExternalStore
FN:6655,pushStoreConsistencyCheck
FN:6664,updateStoreInstance
FN:6669,subscribeToStore
FN:6670,(anonymous_564)
FN:6674,checkIfSnapshotChanged
FN:6684,forceStoreRerender
FN:6688,mountStateImpl
FN:6712,mountState
FN:6719,mountOptimistic
FN:6734,updateOptimistic
FN:6738,updateOptimisticImpl
FN:6742,rerenderOptimistic
FN:6748,dispatchActionState
FN:6761,(anonymous_574)
FN:6771,runActionStateAction
FN:6796,handleActionReturnValue
FN:6797,(anonymous_577)
FN:6799,(anonymous_578)
FN:6803,onActionSuccess
FN:6811,onActionError
FN:6820,notifyActionListeners
FN:6824,actionStateReducer
FN:6827,mountActionState
FN:6891,updateActionState
FN:6895,updateActionStateImpl
FN:6910,actionStateActionEffect
FN:6913,rerenderActionState
FN:6924,pushSimpleEffect
FN:6938,createEffectInstance
FN:6944,mountRef
FN:6951,mountEffectImpl
FN:6957,updateEffectImpl
FN:6963,mountEffect
FN:6966,mountLayoutEffect
FN:6971,imperativeHandleEffect
FN:6975,(anonymous_596)
FN:6979,(anonymous_597)
FN:6983,mountImperativeHandle
FN:6990,updateImperativeHandle
FN:6995,mountCallback
FN:6999,updateCallback
FN:7007,mountMemo
FN:7022,updateMemo
FN:7039,mountDeferredValue
FN:7043,updateDeferredValue
FN:7047,rerenderDeferredValue
FN:7051,mountDeferredValueImpl
FN:7059,updateDeferredValueImpl
FN:7068,startTransition
FN:7086,(anonymous_610)
FN:7094,startHostTransition
FN:7097,(anonymous_612)
FN:7102,ensureFormComponentIsStateful
FN:7137,requestFormReset$1
FN:7142,mountTransition
FN:7148,updateTransition
FN:7153,rerenderTransition
FN:7158,useHostTransitionStatus
FN:7161,mountId
FN:7175,mountRefresh
FN:7178,refreshCache
FN:7197,dispatchReducerAction
FN:7212,dispatchSetState
FN:7219,dispatchSetStateInternal
FN:7248,dispatchOptimisticSetState
FN:7264,isRenderPhaseUpdate
FN:7268,enqueueRenderPhaseUpdate
FN:7274,entangleTransitionUpdate
FN:7283,pushDebugInfo
FN:7288,validateFragmentProps
FN:7293,(anonymous_631)
FN:7300,unwrapThenable
FN:7306,coerceRef
FN:7310,throwOnInvalidObjectType
FN:7315,warnOnFunctionType
FN:7319,warnOnSymbolType
FN:7323,createChildReconciler
FN:7324,deleteChild
FN:7330,deleteRemainingChildren
FN:7335,mapRemainingChildren
FN:7339,useFiber
FN:7345,placeChild
FN:7353,placeSingleChild
FN:7357,updateTextNode
FN:7364,updateElement
FN:7374,updatePortal
FN:7381,updateFragment
FN:7388,createChild
FN:7412,updateSlot
FN:7439,updateFromMap
FN:7463,warnOnInvalidKey
FN:7480,(anonymous_652)
FN:7489,reconcileChildrenArray
FN:7511,(anonymous_654)
FN:7517,reconcileChildrenIterator
FN:7540,(anonymous_656)
FN:7546,reconcileChildFibersImpl
FN:7635,(anonymous_658)
FN:7662,pushPrimaryTreeSuspenseHandler
FN:7668,pushOffscreenSuspenseHandler
FN:7676,reuseSuspenseHandlerOnStack
FN:7680,popSuspenseHandler
FN:7685,findFirstSuspended
FN:7707,warnOnInvalidCallback
FN:7713,applyDerivedStateFromProps
FN:7729,checkShouldComponentUpdate
FN:7746,callComponentWillReceiveProps
FN:7752,resolveClassComponentProps
FN:7764,defaultOnUncaughtError
FN:7768,defaultOnCaughtError
FN:7780,defaultOnRecoverableError
FN:7783,logUncaughtError
FN:7795,(anonymous_673)
FN:7800,logCaughtError
FN:7810,(anonymous_675)
FN:7815,createRootErrorUpdate
FN:7821,(anonymous_677)
FN:7826,createClassErrorUpdate
FN:7831,initializeClassErrorUpdate
FN:7835,(anonymous_680)
FN:7838,(anonymous_681)
FN:7844,(anonymous_682)
FN:7852,throwException
FN:7901,reconcileChildren
FN:7904,updateForwardRef
FN:7922,updateMemoComponent
FN:7944,updateSimpleMemoComponent
FN:7951,updateOffscreenComponent
FN:7973,deferHiddenOffscreenComponent
FN:7989,markRef
FN:7996,updateFunctionComponent
FN:8014,replayFunctionComponent
FN:8030,updateClassComponent
FN:8190,mountHostRootWithoutHydrating
FN:8196,validateFunctionComponentInDev
FN:8201,mountSuspenseOffscreenState
FN:8207,getRemainingWorkInPrimaryTree
FN:8212,updateSuspenseComponent
FN:8331,mountSuspensePrimaryChildren
FN:8339,mountWorkInProgressOffscreenFiber
FN:8350,retrySuspenseComponentWithoutHydrating
FN:8357,scheduleSuspenseWorkOnFiber
FN:8363,validateSuspenseListNestedChild
FN:8368,initSuspenseListRenderState
FN:8379,updateSuspenseListComponent
FN:8458,bailoutOnAlreadyFinishedWork
FN:8475,checkScheduledUpdateOrContext
FN:8480,attemptEarlyBailoutIfNoScheduledUpdate
FN:8535,beginWork
FN:8702,markUpdate
FN:8705,preloadResourceAndSuspendIfNeeded
FN:8712,scheduleRetryEffect
FN:8716,cutOffTailIfNeeded
FN:8729,bubbleProperties
FN:8749,completeWork
FN:8986,unwindWork
FN:9023,unwindInterruptedWork
FN:9057,shouldProfile
FN:9060,commitHookLayoutEffects
FN:9063,commitHookLayoutUnmountEffects
FN:9066,commitHookEffectListMount
FN:9079,(anonymous_722)
FN:9090,commitHookEffectListUnmount
FN:9110,commitHookPassiveMountEffects
FN:9113,commitHookPassiveUnmountEffects
FN:9116,commitClassCallbacks
FN:9128,callGetSnapshotBeforeUpdates
FN:9131,commitClassSnapshot
FN:9140,(anonymous_729)
FN:9148,safelyCallComponentWillUnmount
FN:9153,commitAttachRef
FN:9177,safelyAttachRef
FN:9184,safelyDetachRef
FN:9207,commitProfiler
FN:9217,commitProfilerPostCommitImpl
FN:9225,commitHostMount
FN:9235,commitHostUpdate
FN:9242,isHostParent
FN:9245,getHostSibling
FN:9260,insertOrAppendPlacementNodeIntoContainer
FN:9264,insertOrAppendPlacementNode
FN:9268,commitPlacement
FN:9299,commitHostSingletonAcquisition
FN:9308,commitBeforeMutationEffects
FN:9415,commitLayoutEffectOnFiber
FN:9500,detachFiberAfterEffects
FN:9517,recursivelyTraverseDeletionEffects
FN:9520,commitDeletionEffectsOnFiber
FN:9597,commitSuspenseHydrationCallbacks
FN:9604,getRetryCache
FN:9617,attachSuspenseRetryListeners
FN:9619,(anonymous_752)
FN:9628,recursivelyTraverseMutationEffects
FN:9667,commitMutationEffectsOnFiber
FN:9868,commitReconciliationEffects
FN:9880,recursivelyResetForms
FN:9888,recursivelyTraverseLayoutEffects
FN:9891,disappearLayoutEffects
FN:9923,recursivelyTraverseDisappearLayoutEffects
FN:9926,reappearLayoutEffects
FN:9986,recursivelyTraverseReappearLayoutEffects
FN:9990,commitOffscreenPassiveMountEffects
FN:9997,commitCachePassiveMountEffect
FN:10003,recursivelyTraversePassiveMountEffects
FN:10006,commitPassiveMountOnFiber
FN:10056,recursivelyTraverseReconnectPassiveEffects
FN:10060,reconnectPassiveEffects
FN:10084,recursivelyTraverseAtomicPassiveEffects
FN:10104,recursivelyAccumulateSuspenseyCommit
FN:10107,accumulateSuspenseyCommitOnFiber
FN:10130,detachAlternateSiblings
FN:10137,recursivelyTraversePassiveUnmountEffects
FN:10149,commitPassiveUnmountOnFiber
FN:10175,recursivelyTraverseDisconnectPassiveEffects
FN:10187,disconnectPassiveEffect
FN:10203,commitPassiveUnmountEffectsInsideOfDeletedTree_begin
FN:10239,onCommitRoot
FN:10240,(anonymous_778)
FN:10244,isConcurrentActEnvironment
FN:10249,requestUpdateLane
FN:10254,requestDeferredLane
FN:10260,scheduleUpdateOnFiber
FN:10278,performWorkOnRoot
FN:10363,commitRootWhenReady
FN:10377,isRenderConsistentWithExternalStores
FN:10403,markRootSuspended
FN:10418,flushSyncWork$1
FN:10421,resetWorkInProgressStack
FN:10428,prepareFreshStack
FN:10461,handleThrow
FN:10482,pushDispatcher
FN:10487,pushAsyncDispatcher
FN:10492,renderDidSuspendDelayIfPossible
FN:10497,renderRootSync
FN:10556,workLoopSync
FN:10559,renderRootConcurrent
FN:10590,(anonymous_797)
FN:10659,workLoopConcurrentByScheduler
FN:10662,performUnitOfWork
FN:10668,replaySuspendedUnitOfWork
FN:10673,replayBeginWork
FN:10693,throwAndUnwindWorkLoop
FN:10718,completeUnitOfWork
FN:10743,unwindUnitOfWork
FN:10768,commitRoot
FN:10788,(anonymous_806)
FN:10813,flushMutationEffects
FN:10884,flushLayoutEffects
FN:10907,flushSpawnedWork
FN:10970,makeErrorInfo
FN:10975,(anonymous_811)
FN:10981,releaseRootPooledCache
FN:10984,flushPendingEffects
FN:10990,flushPassiveEffects
FN:11036,captureCommitPhaseErrorOnRoot
FN:11042,captureCommitPhaseError
FN:11065,attachPingListener
FN:11074,pingSuspendedRoot
FN:11083,retryTimedOutBoundary
FN:11088,retryDehydratedSuspenseBoundary
FN:11094,resolveRetryWakeable
FN:11114,recursivelyTraverseAndDoubleInvokeEffectsInDEV
FN:11124,doubleInvokeEffectsOnFiber
FN:11133,commitDoubleInvokeEffectsInDEV
FN:11138,warnAboutUpdateOnNotYetMountedFiberInDEV
FN:11147,(anonymous_826)
FN:11153,restorePendingUpdaters
FN:11154,(anonymous_828)
FN:11158,scheduleCallback$1
FN:11162,warnIfUpdatesNotWrappedWithActDEV
FN:11163,(anonymous_831)
FN:11167,ensureRootIsScheduled
FN:11172,flushSyncWorkAcrossRoots_impl
FN:11195,processRootScheduleInImmediateTask
FN:11198,processRootScheduleInMicrotask
FN:11210,scheduleTaskForRootDuringMicrotask
FN:11253,performWorkOnRootViaSchedulerTask
FN:11265,performSyncWorkOnRoot
FN:11271,cancelCallback
FN:11274,scheduleImmediateRootScheduleTask
FN:11275,(anonymous_841)
FN:11279,(anonymous_842)
FN:11283,requestTransitionLane
FN:11287,coerceFormActionProp
FN:11293,createFormDataWithSubmitter
FN:11303,extractEvents$1
FN:11313,(anonymous_847)
FN:11338,executeDispatch
FN:11347,processDispatchQueue
FN:11375,listenToNonDelegatedEvent
FN:11382,listenToNativeEvent
FN:11388,listenToAllSupportedEvents
FN:11391,(anonymous_853)
FN:11398,addTrappedEventListener
FN:11419,dispatchEventForPluginEventSystem
FN:11445,(anonymous_856)
FN:11665,createDispatchListener
FN:11672,accumulateTwoPhaseListeners
FN:11683,getParent
FN:11688,accumulateEnterLeaveListenersForEvent
FN:11703,validatePropertiesInDevelopment
FN:11713,warnForPropDifference
FN:11716,warnForExtraAttributes
FN:11717,(anonymous_864)
FN:11721,warnForInvalidEventListener
FN:11724,normalizeHTML
FN:11729,normalizeMarkupForTextOrAttribute
FN:11733,checkForUnmatchedText
FN:11737,noop$1
FN:11738,setProp
FN:11932,setPropOnCustomElement
FN:11978,setInitialProperties
FN:12162,updateProperties
FN:12336,getPropNameFromAttributeName
FN:12346,getStylesObjectFromElement
FN:12355,diffHydratedStyles
FN:12369,hydrateAttribute
FN:12388,hydrateBooleanAttribute
FN:12407,hydrateBooleanishAttribute
FN:12424,hydrateNumericAttribute
FN:12445,hydrateSanitizedAttribute
FN:12464,diffHydratedProperties
FN:12750,propNamesListJoin
FN:12762,getOwnerDocumentFromRootContainer
FN:12765,getOwnHostContext
FN:12775,getChildHostContextProd
FN:12786,shouldSetTextContent
FN:12789,shouldAttemptEagerTransition
FN:12799,handleErrorInNextTick
FN:12800,(anonymous_890)
FN:12804,commitMount
FN:12816,commitUpdate
FN:12820,resetTextContent
FN:12823,commitTextUpdate
FN:12826,isSingletonScope
FN:12829,removeChild
FN:12832,removeChildFromContainer
FN:12835,clearSuspenseBoundary
FN:12868,hideInstance
FN:12872,hideTextInstance
FN:12875,unhideInstance
FN:12880,unhideTextInstance
FN:12883,clearContainerSparingly
FN:12905,canHydrateInstance
FN:12939,canHydrateTextInstance
FN:12948,isSuspenseInstanceFallback
FN:12951,registerSuspenseInstanceRetry
FN:12954,(anonymous_908)
FN:12962,getNextHydratable
FN:12974,describeHydratableInstanceForDevWarnings
FN:12990,diffHydratedTextForDevWarnings
FN:12993,getNextHydratableInstanceAfterSuspenseInstance
FN:13007,getParentSuspenseInstance
FN:13021,commitHydratedContainer
FN:13024,commitHydratedSuspenseInstance
FN:13027,resolveSingletonInstance
FN:13047,acquireSingletonInstance
FN:13065,releaseSingletonInstance
FN:13069,getHoistableRoot
FN:13072,preconnectAs
FN:13085,getResource
FN:13152,describeLinkForResourceErrorDEV
FN:13161,getStyleKey
FN:13164,getStylesheetSelectorFromKey
FN:13167,stylesheetPropsFromRawProps
FN:13173,preloadStylesheet
FN:13174,(anonymous_927)
FN:13176,(anonymous_928)
FN:13180,getScriptKey
FN:13183,getScriptSelectorFromKey
FN:13186,acquireResource
FN:13212,(anonymous_932)
FN:13238,insertStylesheet
FN:13245,adoptPreloadPropsForStylesheet
FN:13250,adoptPreloadPropsForScript
FN:13255,getHydratableHoistableCache
FN:13275,mountHoistable
FN:13279,isHostHoistableType
FN:13329,preloadResource
FN:13332,noop
FN:13333,suspendResource
FN:13354,(anonymous_942)
FN:13366,waitForCommitToBeReady
FN:13370,(anonymous_944)
FN:13371,(anonymous_945)
FN:13380,(anonymous_946)
FN:13386,onUnsuspend
FN:13394,insertSuspendedStylesheets
FN:13398,insertStylesheetIntoRoot
FN:13423,FiberRootNode
FN:13448,createFiberRoot
FN:13468,getContextForSubtree
FN:13473,updateContainerImpl
FN:13492,markRetryLaneImpl
FN:13499,markRetryLaneIfNotHydrated
FN:13503,attemptContinuousHydration
FN:13510,getCurrentFiberForDevTools
FN:13513,getLaneLabelMap
FN:13521,dispatchDiscreteEvent
FN:13531,dispatchContinuousEvent
FN:13541,dispatchEvent
FN:13577,findInstanceBlockingEvent
FN:13581,findInstanceBlockingTarget
FN:13601,getEventPriority
FN:13694,clearIfContinuousEvent
FN:13717,accumulateOrCreateContinuousQueuedReplayableEvent
FN:13730,queueIfContinuousEvent
FN:13747,attemptExplicitHydrationTarget
FN:13754,(anonymous_969)
FN:13772,attemptReplayContinuousQueuedEvent
FN:13790,attemptReplayContinuousQueuedEventInMap
FN:13793,replayUnblockedEvents
FN:13801,scheduleCallbackIfUnblocked
FN:13804,scheduleReplayQueueIfNeeded
FN:13805,(anonymous_975)
FN:13822,retryIfBlockedOn
FN:13823,unblock
FN:13853,ReactDOMRoot
FN:13856,ReactDOMHydrationRoot
FN:13859,warnIfReactDOMContainerInDEV
FN:14626,(anonymous_981)
FN:14642,(anonymous_982)
FN:14671,(anonymous_983)
FN:14674,(anonymous_984)
FN:14679,(anonymous_985)
FN:14699,(anonymous_986)
FN:14768,(anonymous_987)
FN:14784,(anonymous_988)
FN:14787,(anonymous_989)
FN:14790,(anonymous_990)
FN:14826,(anonymous_991)
FN:14829,(anonymous_992)
FN:14945,(anonymous_993)
FN:14950,(anonymous_994)
FN:14960,(anonymous_995)
FN:14964,(anonymous_996)
FN:14968,(anonymous_997)
FN:14970,(anonymous_998)
FN:14999,(anonymous_999)
FN:15005,(anonymous_1000)
FN:15006,(anonymous_1001)
FN:15007,(anonymous_1002)
FN:15008,(anonymous_1003)
FN:15009,(anonymous_1004)
FN:15018,(anonymous_1005)
FN:15021,(anonymous_1006)
FN:15023,(anonymous_1007)
FN:15028,(anonymous_1008)
FN:15033,(anonymous_1009)
FN:15038,(anonymous_1010)
FN:15043,(anonymous_1011)
FN:15048,(anonymous_1012)
FN:15064,(anonymous_1013)
FN:15069,(anonymous_1014)
FN:15070,(anonymous_1015)
FN:15074,(anonymous_1016)
FN:15079,(anonymous_1017)
FN:15085,(anonymous_1018)
FN:15098,(anonymous_1019)
FN:15173,(anonymous_1020)
FN:15177,(anonymous_1021)
FN:15183,(anonymous_1022)
FN:15188,(anonymous_1023)
FN:15194,(anonymous_1024)
FN:15200,(anonymous_1025)
FN:15206,(anonymous_1026)
FN:15212,(anonymous_1027)
FN:15224,(anonymous_1028)
FN:15235,(anonymous_1029)
FN:15240,(anonymous_1030)
FN:15251,(anonymous_1031)
FN:15255,(anonymous_1032)
FN:15260,(anonymous_1033)
FN:15265,(anonymous_1034)
FN:15270,(anonymous_1035)
FN:15275,(anonymous_1036)
FN:15281,(anonymous_1037)
FN:15286,(anonymous_1038)
FN:15293,(anonymous_1039)
FN:15300,(anonymous_1040)
FN:15304,(anonymous_1041)
FN:15309,(anonymous_1042)
FN:15314,(anonymous_1043)
FN:15319,(anonymous_1044)
FN:15324,(anonymous_1045)
FN:15329,(anonymous_1046)
FN:15334,(anonymous_1047)
FN:15345,(anonymous_1048)
FN:15356,(anonymous_1049)
FN:15361,(anonymous_1050)
FN:15372,(anonymous_1051)
FN:15376,(anonymous_1052)
FN:15381,(anonymous_1053)
FN:15386,(anonymous_1054)
FN:15391,(anonymous_1055)
FN:15396,(anonymous_1056)
FN:15401,(anonymous_1057)
FN:15407,(anonymous_1058)
FN:15414,(anonymous_1059)
FN:15421,(anonymous_1060)
FN:15425,(anonymous_1061)
FN:15430,(anonymous_1062)
FN:15435,(anonymous_1063)
FN:15440,(anonymous_1064)
FN:15445,(anonymous_1065)
FN:15450,(anonymous_1066)
FN:15455,(anonymous_1067)
FN:15466,(anonymous_1068)
FN:15477,(anonymous_1069)
FN:15482,(anonymous_1070)
FN:15493,(anonymous_1071)
FN:15497,(anonymous_1072)
FN:15502,(anonymous_1073)
FN:15507,(anonymous_1074)
FN:15512,(anonymous_1075)
FN:15517,(anonymous_1076)
FN:15523,(anonymous_1077)
FN:15528,(anonymous_1078)
FN:15535,(anonymous_1079)
FN:15542,(anonymous_1080)
FN:15546,(anonymous_1081)
FN:15551,(anonymous_1082)
FN:15556,(anonymous_1083)
FN:15561,(anonymous_1084)
FN:15566,(anonymous_1085)
FN:15571,(anonymous_1086)
FN:15576,(anonymous_1087)
FN:15587,(anonymous_1088)
FN:15598,(anonymous_1089)
FN:15603,(anonymous_1090)
FN:15614,(anonymous_1091)
FN:15618,(anonymous_1092)
FN:15623,(anonymous_1093)
FN:15628,(anonymous_1094)
FN:15633,(anonymous_1095)
FN:15638,(anonymous_1096)
FN:15644,(anonymous_1097)
FN:15649,(anonymous_1098)
FN:15656,(anonymous_1099)
FN:15663,(anonymous_1100)
FN:15667,(anonymous_1101)
FN:15671,(anonymous_1102)
FN:15677,(anonymous_1103)
FN:15683,(anonymous_1104)
FN:15689,(anonymous_1105)
FN:15695,(anonymous_1106)
FN:15701,(anonymous_1107)
FN:15707,(anonymous_1108)
FN:15719,(anonymous_1109)
FN:15731,(anonymous_1110)
FN:15737,(anonymous_1111)
FN:15749,(anonymous_1112)
FN:15754,(anonymous_1113)
FN:15760,(anonymous_1114)
FN:15766,(anonymous_1115)
FN:15772,(anonymous_1116)
FN:15778,(anonymous_1117)
FN:15784,(anonymous_1118)
FN:15790,(anonymous_1119)
FN:15796,(anonymous_1120)
FN:15801,(anonymous_1121)
FN:15808,(anonymous_1122)
FN:15812,(anonymous_1123)
FN:15816,(anonymous_1124)
FN:15822,(anonymous_1125)
FN:15828,(anonymous_1126)
FN:15834,(anonymous_1127)
FN:15840,(anonymous_1128)
FN:15846,(anonymous_1129)
FN:15852,(anonymous_1130)
FN:15864,(anonymous_1131)
FN:15876,(anonymous_1132)
FN:15882,(anonymous_1133)
FN:15894,(anonymous_1134)
FN:15899,(anonymous_1135)
FN:15905,(anonymous_1136)
FN:15911,(anonymous_1137)
FN:15917,(anonymous_1138)
FN:15923,(anonymous_1139)
FN:15929,(anonymous_1140)
FN:15935,(anonymous_1141)
FN:15941,(anonymous_1142)
FN:15946,(anonymous_1143)
FN:15953,(anonymous_1144)
FN:15957,(anonymous_1145)
FN:15961,(anonymous_1146)
FN:15967,(anonymous_1147)
FN:15973,(anonymous_1148)
FN:15979,(anonymous_1149)
FN:15985,(anonymous_1150)
FN:15991,(anonymous_1151)
FN:15997,(anonymous_1152)
FN:16009,(anonymous_1153)
FN:16021,(anonymous_1154)
FN:16027,(anonymous_1155)
FN:16039,(anonymous_1156)
FN:16044,(anonymous_1157)
FN:16050,(anonymous_1158)
FN:16056,(anonymous_1159)
FN:16062,(anonymous_1160)
FN:16068,(anonymous_1161)
FN:16074,(anonymous_1162)
FN:16080,(anonymous_1163)
FN:16086,(anonymous_1164)
FN:16091,(anonymous_1165)
FN:16098,(anonymous_1166)
FN:16110,(anonymous_1167)
FN:16122,(anonymous_1168)
FN:16132,(anonymous_1169)
FN:16142,(anonymous_1170)
FN:16151,(anonymous_1171)
FN:16161,(anonymous_1172)
FN:16171,(anonymous_1173)
FN:16181,(anonymous_1174)
FN:16195,(anonymous_1175)
FN:16210,(anonymous_1176)
FN:16236,(anonymous_1177)
FN:16246,(anonymous_1178)
FN:16257,(anonymous_1179)
FN:16268,(anonymous_1180)
FN:16315,(anonymous_1181)
FN:16321,(anonymous_1182)
FN:16417,(anonymous_1183)
FN:16487,(anonymous_1184)
FN:16500,(anonymous_1185)
FN:16505,(anonymous_1186)
FN:16509,(anonymous_1187)
FN:16513,(anonymous_1188)
FN:16517,(anonymous_1189)
FN:16538,(anonymous_1190)
FN:16574,(anonymous_1191)
FN:16592,(anonymous_1192)
FN:16615,(anonymous_1193)
FN:16619,(anonymous_1194)
FN:16622,(anonymous_1195)
FN:16638,(anonymous_1196)
FN:16687,(anonymous_1197)
FN:16691,(anonymous_1198)
FN:16695,(anonymous_1199)
FN:16699,(anonymous_1200)
FN:16705,(anonymous_1201)
FN:16711,(anonymous_1202)
FN:16717,(anonymous_1203)
FN:16721,(anonymous_1204)
FN:16724,(anonymous_1205)
FN:16738,(anonymous_1206)
FN:16748,(anonymous_1207)
FN:16761,(anonymous_1208)
FN:16774,(anonymous_1209)
FN:16779,(anonymous_1210)
FN:16791,(anonymous_1211)
FN:16819,(anonymous_1212)
FN:16834,(anonymous_1213)
FN:16872,(anonymous_1214)
FN:16887,(anonymous_1215)
FN:16888,noop
FN:16889,testStringCoercion
FN:16892,createPortal$1
FN:16909,getCrossOriginStringAs
FN:16913,getValueDescriptorExpectingObjectForWarning
FN:16916,getValueDescriptorExpectingEnumForWarning
FN:16919,resolveDispatcher
FN:16929,(anonymous_1223)
FN:16947,(anonymous_1224)
FN:16952,(anonymous_1225)
FN:16961,(anonymous_1226)
FN:16965,(anonymous_1227)
FN:16972,(anonymous_1228)
FN:16991,(anonymous_1229)
FN:17009,(anonymous_1230)
FN:17030,(anonymous_1231)
FN:17041,(anonymous_1232)
FN:17044,(anonymous_1233)
FN:17047,(anonymous_1234)
FN:17050,(anonymous_1235)
FN:17063,(anonymous_1236)
FN:17068,checkDCE
FN:17097,(anonymous_1238)
FN:17102,checkDCE
FN:17131,(anonymous_1240)
FN:17146,(anonymous_1241)
FN:17219,computeFullKey
FN:17258,haveEqualSignatures
FN:17275,isReactClass
FN:17278,canPreserveStateBetween
FN:17287,resolveFamily
FN:17292,cloneMap
FN:17294,(anonymous_1248)
FN:17299,cloneSet
FN:17301,(anonymous_1250)
FN:17307,getProperty
FN:17315,performReactRefresh
FN:17328,(anonymous_1253)
FN:17350,(anonymous_1254)
FN:17364,(anonymous_1255)
FN:17387,(anonymous_1256)
FN:17411,register
FN:17451,setSignature
FN:17460,(anonymous_1259)
FN:17480,collectCustomHooksForSignature
FN:17488,getFamilyByID
FN:17493,getFamilyByType
FN:17498,findAffectedHostInstances
FN:17501,(anonymous_1264)
FN:17507,(anonymous_1265)
FN:17514,injectIntoGlobalHook
FN:17529,(anonymous_1267)
FN:17532,(anonymous_1268)
FN:17533,(anonymous_1269)
FN:17534,(anonymous_1270)
FN:17546,(anonymous_1271)
FN:17557,(anonymous_1272)
FN:17565,(anonymous_1273)
FN:17566,(anonymous_1274)
FN:17577,(anonymous_1275)
FN:17618,hasUnrecoverableErrors
FN:17623,_getMountedRootCount
FN:17650,createSignatureFunctionForTransform
FN:17655,(anonymous_1279)
FN:17684,isLikelyComponentType
FN:17753,(anonymous_1281)
FN:17769,(anonymous_1282)
FN:17774,(anonymous_1283)
FN:17775,(anonymous_1284)
FN:17776,(anonymous_1285)
FN:17777,(anonymous_1286)
FN:17778,(anonymous_1287)
FN:17779,(anonymous_1288)
FN:17780,(anonymous_1289)
FN:17781,(anonymous_1290)
FN:17782,(anonymous_1291)
FN:17783,(anonymous_1292)
FN:17784,(anonymous_1293)
FN:17785,(anonymous_1294)
FN:17786,(anonymous_1295)
FN:17787,(anonymous_1296)
FN:17788,(anonymous_1297)
FN:17789,(anonymous_1298)
FN:17790,(anonymous_1299)
FN:17791,(anonymous_1300)
FN:17792,(anonymous_1301)
FN:17793,(anonymous_1302)
FN:17794,(anonymous_1303)
FN:17795,(anonymous_1304)
FN:17796,(anonymous_1305)
FN:17797,(anonymous_1306)
FN:17798,(anonymous_1307)
FN:17799,(anonymous_1308)
FN:17800,(anonymous_1309)
FN:17801,(anonymous_1310)
FN:17802,(anonymous_1311)
FN:17803,(anonymous_1312)
FN:17804,(anonymous_1313)
FN:17805,(anonymous_1314)
FN:17806,(anonymous_1315)
FN:17807,(anonymous_1316)
FN:17808,(anonymous_1317)
FN:17809,(anonymous_1318)
FN:17810,(anonymous_1319)
FN:17811,(anonymous_1320)
FN:17812,(anonymous_1321)
FN:17813,(anonymous_1322)
FN:17814,(anonymous_1323)
FN:17815,(anonymous_1324)
FN:17816,(anonymous_1325)
FN:17817,(anonymous_1326)
FN:17818,(anonymous_1327)
FN:17819,(anonymous_1328)
FN:17820,(anonymous_1329)
FN:17821,(anonymous_1330)
FN:17822,(anonymous_1331)
FN:17823,(anonymous_1332)
FN:17824,(anonymous_1333)
FN:17825,(anonymous_1334)
FN:17826,(anonymous_1335)
FN:17827,(anonymous_1336)
FN:17828,(anonymous_1337)
FN:17829,(anonymous_1338)
FN:17830,(anonymous_1339)
FN:17831,(anonymous_1340)
FN:17832,(anonymous_1341)
FN:17833,(anonymous_1342)
FN:17834,(anonymous_1343)
FN:17835,(anonymous_1344)
FN:17836,(anonymous_1345)
FN:17837,(anonymous_1346)
FN:17838,(anonymous_1347)
FN:17839,(anonymous_1348)
FN:17840,(anonymous_1349)
FN:17841,(anonymous_1350)
FN:17842,(anonymous_1351)
FN:17843,(anonymous_1352)
FN:17844,(anonymous_1353)
FN:17845,(anonymous_1354)
FN:17846,(anonymous_1355)
FN:17847,(anonymous_1356)
FN:17848,(anonymous_1357)
FN:17849,(anonymous_1358)
FN:17850,(anonymous_1359)
FN:17851,(anonymous_1360)
FN:17852,(anonymous_1361)
FN:17853,(anonymous_1362)
FN:17854,(anonymous_1363)
FN:17855,(anonymous_1364)
FN:17856,(anonymous_1365)
FN:17857,(anonymous_1366)
FN:17858,(anonymous_1367)
FN:17859,(anonymous_1368)
FN:17860,(anonymous_1369)
FN:17861,(anonymous_1370)
FN:17862,(anonymous_1371)
FN:17863,(anonymous_1372)
FN:17864,(anonymous_1373)
FN:17865,(anonymous_1374)
FN:17866,(anonymous_1375)
FN:17867,(anonymous_1376)
FN:17868,(anonymous_1377)
FN:17869,(anonymous_1378)
FN:17870,(anonymous_1379)
FN:17871,(anonymous_1380)
FN:17872,(anonymous_1381)
FN:17873,(anonymous_1382)
FN:17874,(anonymous_1383)
FN:17875,(anonymous_1384)
FN:17876,(anonymous_1385)
FN:17877,(anonymous_1386)
FN:17878,(anonymous_1387)
FN:17879,(anonymous_1388)
FN:17880,(anonymous_1389)
FN:17881,(anonymous_1390)
FN:17882,(anonymous_1391)
FN:17883,(anonymous_1392)
FN:17884,(anonymous_1393)
FN:17885,(anonymous_1394)
FN:17886,(anonymous_1395)
FN:17887,(anonymous_1396)
FN:17888,(anonymous_1397)
FN:17889,(anonymous_1398)
FN:17890,(anonymous_1399)
FN:17891,(anonymous_1400)
FN:17892,(anonymous_1401)
FN:17893,(anonymous_1402)
FN:17894,(anonymous_1403)
FN:17895,(anonymous_1404)
FN:17896,(anonymous_1405)
FN:17897,(anonymous_1406)
FN:17898,(anonymous_1407)
FN:17899,(anonymous_1408)
FN:17900,(anonymous_1409)
FN:17901,(anonymous_1410)
FN:17902,(anonymous_1411)
FN:17903,(anonymous_1412)
FN:17904,(anonymous_1413)
FN:17917,(anonymous_1414)
FN:17920,(anonymous_1415)
FN:17921,(anonymous_1416)
FN:17922,(anonymous_1417)
FN:17925,(anonymous_1418)
FN:17932,createMemoryHistory
FN:17939,(anonymous_1420)
FN:17943,clampIndex
FN:17946,getCurrentLocation
FN:17949,createMemoryLocation
FN:17954,createHref2
FN:17958,(anonymous_1425)
FN:17961,(anonymous_1426)
FN:17964,(anonymous_1427)
FN:17968,(anonymous_1428)
FN:17971,(anonymous_1429)
FN:17979,(anonymous_1430)
FN:17992,(anonymous_1431)
FN:18004,(anonymous_1432)
FN:18017,(anonymous_1433)
FN:18019,(anonymous_1434)
FN:18026,createBrowserHistory
FN:18027,createBrowserLocation
FN:18041,createBrowserHref
FN:18046,createHashHistory
FN:18047,createHashLocation
FN:18064,createHashHref
FN:18074,validateHashLocation
FN:18079,invariant
FN:18084,warning
FN:18092,createKey
FN:18095,getHistoryState
FN:18102,createLocation
FN:18117,createPath
FN:18126,parsePath
FN:18145,getUrlBasedHistory
FN:18161,getIndex
FN:18167,handlePop
FN:18180,push
FN:18203,replace2
FN:18219,createURL
FN:18223,(anonymous_1455)
FN:18226,(anonymous_1456)
FN:18229,(anonymous_1457)
FN:18235,(anonymous_1458)
FN:18240,(anonymous_1459)
FN:18244,(anonymous_1460)
FN:18254,(anonymous_1461)
FN:18260,createBrowserURLImpl
FN:18275,unstable_createContext
FN:18286,(anonymous_1464)
FN:18302,(anonymous_1465)
FN:18319,(anonymous_1466)
FN:18325,isUnsupportedLazyRouteObjectKey
FN:18329,isUnsupportedLazyRouteFunctionKey
FN:18332,isIndexRoute
FN:18335,convertRoutesToDataRoutes
FN:18336,(anonymous_1471)
FN:18364,matchRoutes
FN:18367,matchRoutesImpl
FN:18382,convertRouteMatchToUiMatch
FN:18397,flattenRoutes
FN:18398,(anonymous_1476)
FN:18427,(anonymous_1477)
FN:18438,explodeOptionalSegments
FN:18449,(anonymous_1479)
FN:18453,(anonymous_1480)
FN:18455,rankRouteBranches
FN:18456,(anonymous_1482)
FN:18456,(anonymous_1483)
FN:18456,(anonymous_1484)
FN:18464,(anonymous_1485)
FN:18465,computeScore
FN:18474,(anonymous_1487)
FN:18474,(anonymous_1488)
FN:18476,compareIndexes
FN:18477,(anonymous_1490)
FN:18488,matchRouteBranch
FN:18529,generatePath
FN:18536,(anonymous_1493)
FN:18537,(anonymous_1494)
FN:18551,(anonymous_1495)
FN:18554,matchPath
FN:18568,(anonymous_1497)
FN:18591,compilePath
FN:18594,(anonymous_1499)
FN:18614,decodePath
FN:18616,(anonymous_1501)
FN:18622,stripBasename
FN:18634,prependBasename
FN:18640,resolvePath
FN:18653,resolvePathname
FN:18656,(anonymous_1506)
FN:18665,getInvalidPathError
FN:18668,getPathContributingMatches
FN:18669,(anonymous_1509)
FN:18671,getResolveToMatches
FN:18673,(anonymous_1511)
FN:18675,resolveTo
FN:18712,(anonymous_1513)
FN:18713,(anonymous_1514)
FN:18714,(anonymous_1515)
FN:18715,(anonymous_1516)
FN:18717,(anonymous_1517)
FN:18723,data
FN:18728,(anonymous_1519)
FN:18744,(anonymous_1520)
FN:18749,(anonymous_1521)
FN:18755,(anonymous_1522)
FN:18767,isRouteErrorResponse
FN:18805,(anonymous_1524)
FN:18806,(anonymous_1525)
FN:18811,createRouter
FN:18864,(anonymous_1527)
FN:18866,(anonymous_1528)
FN:18872,(anonymous_1529)
FN:18873,(anonymous_1530)
FN:18875,(anonymous_1531)
FN:18916,initialize
FN:18917,(anonymous_1533)
FN:18934,(anonymous_1534)
FN:18941,(anonymous_1535)
FN:18948,(anonymous_1536)
FN:18950,(anonymous_1537)
FN:18964,(anonymous_1538)
FN:18966,(anonymous_1539)
FN:18975,dispose
FN:18984,(anonymous_1541)
FN:18985,(anonymous_1542)
FN:18987,subscribe
FN:18989,(anonymous_1544)
FN:18991,updateState
FN:18993,(anonymous_1546)
FN:19011,(anonymous_1547)
FN:19020,(anonymous_1548)
FN:19025,(anonymous_1549)
FN:19030,(anonymous_1550)
FN:19031,(anonymous_1551)
FN:19033,completeNavigation
FN:19053,(anonymous_1553)
FN:19118,navigate
FN:19153,(anonymous_1555)
FN:19162,(anonymous_1556)
FN:19183,revalidate
FN:19208,startNavigation
FN:19306,handleAction
FN:19406,handleLoaders
FN:19459,(anonymous_1561)
FN:19459,(anonymous_1562)
FN:19495,(anonymous_1563)
FN:19501,(anonymous_1564)
FN:19501,(anonymous_1565)
FN:19517,(anonymous_1566)
FN:19559,getUpdatedActionData
FN:19572,getUpdatedRevalidatingFetchers
FN:19573,(anonymous_1569)
FN:19580,fetch2
FN:19621,handleFetcherAction
FN:19711,(anonymous_1572)
FN:19711,(anonymous_1573)
FN:19724,(anonymous_1574)
FN:19724,(anonymous_1575)
FN:19736,(anonymous_1576)
FN:19777,handleFetcherLoader
FN:19838,startRedirectNavigation
FN:19907,callDataStrategy
FN:19913,(anonymous_1580)
FN:19913,(anonymous_1581)
FN:19937,callLoadersAndMaybeResolveData
FN:19939,(anonymous_1583)
FN:19958,(anonymous_1584)
FN:19964,interruptActiveLoads
FN:19966,(anonymous_1586)
FN:19973,updateFetcherState
FN:19981,setFetcherError
FN:19993,getFetcher
FN:20000,deleteFetcher
FN:20012,queueFetcherForDeletion
FN:20024,abortFetcher
FN:20031,markFetchersDone
FN:20038,markFetchRedirectsDone
FN:20053,abortStaleFetchLoads
FN:20069,getBlocker
FN:20076,deleteBlocker
FN:20080,updateBlocker
FN:20089,shouldBlockNavigation
FN:20114,handleNavigational404
FN:20129,enableScrollRestoration
FN:20142,(anonymous_1602)
FN:20148,getScrollKey
FN:20150,(anonymous_1604)
FN:20155,saveScrollPosition
FN:20161,getSavedScrollPosition
FN:20171,checkFogOfWar
FN:20194,discoverRoutes
FN:20212,(anonymous_1609)
FN:20241,(anonymous_1610)
FN:20250,_internalSetRoutes
FN:20254,patchRoutes
FN:20264,(anonymous_1613)
FN:20267,(anonymous_1614)
FN:20270,(anonymous_1615)
FN:20273,(anonymous_1616)
FN:20276,(anonymous_1617)
FN:20287,(anonymous_1618)
FN:20288,(anonymous_1619)
FN:20299,(anonymous_1620)
FN:20305,createStaticHandler
FN:20311,query
FN:20345,(anonymous_1623)
FN:20367,(anonymous_1624)
FN:20381,(anonymous_1625)
FN:20382,(anonymous_1626)
FN:20395,(anonymous_1627)
FN:20404,(anonymous_1628)
FN:20406,(anonymous_1629)
FN:20420,(anonymous_1630)
FN:20442,queryRoute
FN:20462,(anonymous_1632)
FN:20483,(anonymous_1633)
FN:20484,(anonymous_1634)
FN:20490,(anonymous_1635)
FN:20503,handleQueryResult
FN:20520,queryImpl
FN:20546,submit
FN:20663,loadRouteData
FN:20678,(anonymous_1640)
FN:20679,(anonymous_1641)
FN:20686,(anonymous_1642)
FN:20707,callDataStrategy
FN:20710,(anonymous_1644)
FN:20732,getStaticContextFromError
FN:20742,throwStaticHandlerAbortedError
FN:20749,isSubmissionNavigation
FN:20752,normalizeTo
FN:20781,(anonymous_1649)
FN:20781,(anonymous_1650)
FN:20794,normalizeNavigateOptions
FN:20808,(anonymous_1652)
FN:20824,(anonymous_1653)
FN:20906,getMatchesToLoad
FN:20913,(anonymous_1655)
FN:20916,(anonymous_1656)
FN:20929,(anonymous_1657)
FN:20961,(anonymous_1658)
FN:20962,(anonymous_1659)
FN:21023,shouldLoadRouteOnHydration
FN:21040,isNewLoader
FN:21049,isNewRouteInstance
FN:21059,shouldRevalidateLoader
FN:21068,patchRoutesImpl
FN:21082,(anonymous_1665)
FN:21083,(anonymous_1666)
FN:21117,isSameRoute
FN:21127,(anonymous_1668)
FN:21127,(anonymous_1669)
FN:21130,(anonymous_1670)
FN:21154,(anonymous_1671)
FN:21174,(anonymous_1672)
FN:21183,loadLazyRoute
FN:21200,(anonymous_1674)
FN:21233,(anonymous_1675)
FN:21259,(anonymous_1676)
FN:21260,(anonymous_1677)
FN:21261,(anonymous_1678)
FN:21267,isNonNullable
FN:21270,loadLazyMiddlewareForMatches
FN:21271,(anonymous_1681)
FN:21286,defaultDataStrategy
FN:21287,(anonymous_1683)
FN:21289,(anonymous_1684)
FN:21290,(anonymous_1685)
FN:21295,defaultDataStrategyWithMiddleware
FN:21296,(anonymous_1687)
FN:21300,(anonymous_1688)
FN:21303,(anonymous_1689)
FN:21305,clientMiddlewareErrorHandler
FN:21314,(anonymous_1691)
FN:21323,runServerMiddlewarePipeline
FN:21330,(anonymous_1693)
FN:21330,(anonymous_1694)
FN:21341,callServerRouteMiddleware
FN:21359,(anonymous_1696)
FN:21402,runClientMiddlewarePipeline
FN:21409,(anonymous_1698)
FN:21409,(anonymous_1699)
FN:21418,callClientRouteMiddleware
FN:21436,(anonymous_1701)
FN:21466,getDataStrategyMatchLazyPromises
FN:21480,getDataStrategyMatch
FN:21488,(anonymous_1704)
FN:21501,(anonymous_1705)
FN:21519,getTargetedDataStrategyMatches
FN:21520,(anonymous_1707)
FN:21526,(anonymous_1708)
FN:21528,(anonymous_1709)
FN:21537,callDataStrategyImpl
FN:21538,(anonymous_1711)
FN:21539,(anonymous_1712)
FN:21547,(anonymous_1713)
FN:21549,(anonymous_1714)
FN:21552,(anonymous_1715)
FN:21557,(anonymous_1716)
FN:21561,(anonymous_1717)
FN:21569,(anonymous_1718)
FN:21573,callLoaderOrAction
FN:21585,(anonymous_1720)
FN:21587,(anonymous_1721)
FN:21588,(anonymous_1722)
FN:21590,(anonymous_1723)
FN:21600,(anonymous_1724)
FN:21602,(anonymous_1725)
FN:21625,(anonymous_1726)
FN:21675,convertDataStrategyResultToDataResult
FN:21750,normalizeRelativeRoutingRedirectResponse
FN:21754,(anonymous_1729)
FN:21760,normalizeRedirectLocation
FN:21771,createClientSideRequest
FN:21797,convertFormDataToSearchParams
FN:21804,convertSearchParamsToFormData
FN:21811,processRouteLoaderData
FN:21818,(anonymous_1735)
FN:21875,processLoaderData
FN:21880,(anonymous_1737)
FN:21880,(anonymous_1738)
FN:21880,(anonymous_1739)
FN:21912,mergeLoaderData
FN:21913,(anonymous_1741)
FN:21913,(anonymous_1742)
FN:21928,getActionDataForCommit
FN:21941,findNearestBoundary
FN:21942,(anonymous_1745)
FN:21943,(anonymous_1746)
FN:21945,getShortCircuitMatches
FN:21946,(anonymous_1748)
FN:21959,getInternalRouterError
FN:21991,findRedirect
FN:22003,stripHashFromPath
FN:22010,isHashChangeOnly
FN:22023,dataWithResponseInitToResponse
FN:22026,dataWithResponseInitToErrorResponse
FN:22029,errorResponseToResponse
FN:22035,isDataStrategyResult
FN:22038,isRedirectDataStrategyResult
FN:22041,isErrorResult
FN:22044,isRedirectResult
FN:22047,isDataWithResponseInit
FN:22050,isResponse
FN:22053,isRedirectStatusCode
FN:22056,isRedirectResponse
FN:22059,isValidMethod
FN:22062,isMutationMethod
FN:22065,hasNakedIndexQuery
FN:22066,(anonymous_1767)
FN:22068,getTargetMatch
FN:22076,getSubmissionFromNavigation
FN:22117,getLoadingNavigation
FN:22144,getSubmittingNavigation
FN:22157,getLoadingFetcher
FN:22184,getSubmittingFetcher
FN:22197,getDoneFetcher
FN:22210,restoreAppliedTransitions
FN:22223,persistAppliedTransitions
FN:22236,createDeferred
FN:22239,(anonymous_1778)
FN:22240,(anonymous_1779)
FN:22246,(anonymous_1780)
FN:22269,useIsRSCRouterContext
FN:22296,useHref
FN:22324,useInRouterContext
FN:22327,useLocation
FN:22334,useNavigationType
FN:22337,useMatch
FN:22345,(anonymous_1787)
FN:22348,useIsomorphicLayoutEffect
FN:22354,useNavigate
FN:22360,useNavigateUnstable
FN:22378,(anonymous_1791)
FN:22381,(anonymous_1792)
FN:22397,useOutletContext
FN:22400,useOutlet
FN:22409,useParams
FN:22416,useResolvedPath
FN:22426,(anonymous_1797)
FN:22428,useRoutes
FN:22431,useRoutesImpl
FN:22476,(anonymous_1800)
FN:22502,DefaultErrorComponent
FN:22534,(anonymous_1802)
FN:22542,(anonymous_1803)
FN:22547,(anonymous_1804)
FN:22561,(anonymous_1805)
FN:22564,(anonymous_1806)
FN:22573,RenderedRoute
FN:22586,_renderMatches
FN:22602,(anonymous_1809)
FN:22632,(anonymous_1810)
FN:22652,(anonymous_1811)
FN:22689,getDataRouterConsoleError
FN:22692,useDataRouterContext
FN:22697,useDataRouterState
FN:22702,useRouteContext
FN:22707,useCurrentRouteId
FN:22713,useRouteId
FN:22716,useNavigation
FN:22720,useRevalidator
FN:22723,(anonymous_1820)
FN:22726,(anonymous_1821)
FN:22731,useMatches
FN:22736,(anonymous_1823)
FN:22736,(anonymous_1824)
FN:22738,useLoaderData
FN:22743,useRouteLoaderData
FN:22747,useActionData
FN:22752,useRouteError
FN:22761,useAsyncValue
FN:22765,useAsyncError
FN:22770,useBlocker
FN:22777,(anonymous_1832)
FN:22801,(anonymous_1833)
FN:22804,(anonymous_1834)
FN:22806,(anonymous_1835)
FN:22813,useNavigateStable
FN:22819,(anonymous_1837)
FN:22822,(anonymous_1838)
FN:22837,warningOnce
FN:22849,warnOnce
FN:22857,mapRouteProperties
FN:22899,createMemoryRouter
FN:22917,(anonymous_1843)
FN:22919,(anonymous_1844)
FN:22920,(anonymous_1845)
FN:22926,(anonymous_1846)
FN:22935,RouterProvider
FN:22948,(anonymous_1848)
FN:22953,(anonymous_1849)
FN:22958,(anonymous_1850)
FN:22964,(anonymous_1851)
FN:22966,(anonymous_1852)
FN:22971,(anonymous_1853)
FN:22983,(anonymous_1854)
FN:22984,(anonymous_1855)
FN:22986,(anonymous_1856)
FN:22987,(anonymous_1857)
FN:22996,(anonymous_1858)
FN:23017,(anonymous_1859)
FN:23018,(anonymous_1860)
FN:23023,(anonymous_1861)
FN:23027,(anonymous_1862)
FN:23028,(anonymous_1863)
FN:23031,(anonymous_1864)
FN:23042,(anonymous_1865)
FN:23047,(anonymous_1866)
FN:23059,(anonymous_1867)
FN:23063,(anonymous_1868)
FN:23064,(anonymous_1869)
FN:23068,(anonymous_1870)
FN:23076,(anonymous_1871)
FN:23102,DataRoutes
FN:23109,MemoryRouter
FN:23128,(anonymous_1874)
FN:23129,(anonymous_1875)
FN:23131,(anonymous_1876)
FN:23140,Navigate
FN:23163,(anonymous_1878)
FN:23172,Outlet
FN:23175,Route
FN:23178,Router
FN:23188,(anonymous_1882)
FN:23204,(anonymous_1883)
FN:23231,Routes
FN:23237,Await
FN:23248,(anonymous_1886)
FN:23254,(anonymous_1887)
FN:23259,(anonymous_1888)
FN:23262,(anonymous_1889)
FN:23274,(anonymous_1890)
FN:23277,(anonymous_1891)
FN:23282,(anonymous_1892)
FN:23284,(anonymous_1893)
FN:23287,(anonymous_1894)
FN:23295,(anonymous_1895)
FN:23297,(anonymous_1896)
FN:23298,(anonymous_1897)
FN:23299,(anonymous_1898)
FN:23300,(anonymous_1899)
FN:23321,ResolveAwait
FN:23328,createRoutesFromChildren
FN:23330,(anonymous_1902)
FN:23367,renderMatches
FN:23370,useRouteComponentProps
FN:23378,WithComponentProps
FN:23384,withComponentProps
FN:23385,WithComponentProps2
FN:23390,useHydrateFallbackProps
FN:23397,WithHydrateFallbackProps
FN:23403,withHydrateFallbackProps
FN:23404,WithHydrateFallbackProps2
FN:23409,useErrorBoundaryProps
FN:23417,WithErrorBoundaryProps
FN:23423,withErrorBoundaryProps
FN:23424,WithErrorBoundaryProps2
FN:23433,isHtmlElement
FN:23436,isButtonElement
FN:23439,isFormElement
FN:23442,isInputElement
FN:23445,isModifiedEvent
FN:23448,shouldProcessLinkClick
FN:23455,createSearchParams
FN:23456,(anonymous_1923)
FN:23458,(anonymous_1924)
FN:23461,getSearchParamsForLocation
FN:23464,(anonymous_1926)
FN:23466,(anonymous_1927)
FN:23475,isFormDataSubmitterSupported
FN:23489,getFormEncType
FN:23496,getFormSubmissionInfo
FN:23576,(anonymous_1931)
FN:23577,(anonymous_1932)
FN:23583,createLineSplittingTransform
FN:23587,(anonymous_1934)
FN:23597,(anonymous_1935)
FN:23606,flatten
FN:23623,stringify
FN:23633,(anonymous_1938)
FN:23633,(anonymous_1939)
FN:23670,(anonymous_1940)
FN:23691,(anonymous_1941)
FN:23697,(anonymous_1942)
FN:23732,(anonymous_1943)
FN:23754,(anonymous_1944)
FN:23768,isPlainObject
FN:23775,unflatten
FN:23789,hydrate
FN:23797,(anonymous_1948)
FN:23855,(anonymous_1949)
FN:23865,(anonymous_1950)
FN:23868,(anonymous_1951)
FN:23871,(anonymous_1952)
FN:23882,(anonymous_1953)
FN:23885,(anonymous_1954)
FN:23888,(anonymous_1955)
FN:23918,(anonymous_1956)
FN:23922,(anonymous_1957)
FN:23942,(anonymous_1958)
FN:23955,(anonymous_1959)
FN:23958,(anonymous_1960)
FN:23961,(anonymous_1961)
FN:23976,decode
FN:23993,(anonymous_1963)
FN:24001,(anonymous_1964)
FN:24005,decodeInitial
FN:24021,decodeDeferred
FN:24071,encode
FN:24089,(anonymous_1968)
FN:24105,(anonymous_1969)
FN:24108,(anonymous_1970)
FN:24112,(anonymous_1971)
FN:24123,(anonymous_1972)
FN:24139,(anonymous_1973)
FN:24158,(anonymous_1974)
FN:24174,createRequestInit
FN:24209,escapeHtml
FN:24210,(anonymous_1977)
FN:24212,createHtml
FN:24219,invariant2
FN:24230,StreamTransfer
FN:24248,(anonymous_1981)
FN:24255,(anonymous_1982)
FN:24292,getTurboStreamSingleFetchDataStrategy
FN:24293,(anonymous_1984)
FN:24303,(anonymous_1985)
FN:24305,getSingleFetchDataStrategyImpl
FN:24305,(anonymous_1987)
FN:24306,(anonymous_1988)
FN:24316,(anonymous_1989)
FN:24332,singleFetchActionStrategy
FN:24333,(anonymous_1991)
FN:24336,(anonymous_1992)
FN:24337,(anonymous_1993)
FN:24359,nonSsrStrategy
FN:24360,(anonymous_1995)
FN:24362,(anonymous_1996)
FN:24362,(anonymous_1997)
FN:24368,(anonymous_1998)
FN:24387,singleFetchLoaderNavigationStrategy
FN:24387,(anonymous_2000)
FN:24390,(anonymous_2001)
FN:24393,(anonymous_2002)
FN:24393,(anonymous_2003)
FN:24416,(anonymous_2004)
FN:24438,(anonymous_2005)
FN:24453,(anonymous_2006)
FN:24472,bubbleMiddlewareErrors
FN:24494,(anonymous_2008)
FN:24502,singleFetchLoaderFetcherStrategy
FN:24503,(anonymous_2010)
FN:24506,(anonymous_2011)
FN:24506,(anonymous_2012)
FN:24516,stripIndexParam
FN:24530,singleFetchUrl
FN:24544,fetchAndDecodeViaTurboStream
FN:24626,decodeViaTurboStream
FN:24628,(anonymous_2017)
FN:24667,unwrapSingleFetchResult
FN:24703,createDeferred2
FN:24706,(anonymous_2020)
FN:24707,(anonymous_2021)
FN:24713,(anonymous_2022)
FN:24736,loadRouteModule
FN:24754,(anonymous_2024)
FN:24759,getKeyedLinksForMatches
FN:24760,(anonymous_2026)
FN:24763,(anonymous_2027)
FN:24771,getRouteCssDescriptors
FN:24773,(anonymous_2029)
FN:24778,prefetchRouteCss
FN:24783,prefetchStyleLinks
FN:24805,prefetchStyleLink
FN:24806,(anonymous_2033)
FN:24812,removeLink
FN:24817,(anonymous_2035)
FN:24821,(anonymous_2036)
FN:24828,isPageLinkDescriptor
FN:24831,isHtmlLinkDescriptor
FN:24840,getKeyedPrefetchLinks
FN:24841,(anonymous_2040)
FN:24849,(anonymous_2041)
FN:24849,(anonymous_2042)
FN:24858,getNewMatchesForLinks
FN:24859,(anonymous_2044)
FN:24863,(anonymous_2045)
FN:24873,(anonymous_2046)
FN:24876,(anonymous_2047)
FN:24901,getModuleLinkHrefs
FN:24904,(anonymous_2049)
FN:24923,dedupeHrefs
FN:24926,sortKeys
FN:24934,dedupeLinkDescriptors
FN:24937,(anonymous_2053)
FN:24954,isPreloadSupported
FN:24972,RemixRootDefaultHydrateFallback
FN:24991,groupRoutesByParentId
FN:24993,(anonymous_2057)
FN:25004,getRouteComponents
FN:25007,(anonymous_2059)
FN:25035,createServerRoutes
FN:25036,(anonymous_2061)
FN:25038,(anonymous_2062)
FN:25052,(anonymous_2063)
FN:25057,(anonymous_2064)
FN:25066,createClientRoutesWithHMRRevalidationOptOut
FN:25069,preventInvalidServerHandlerCall
FN:25077,noActionDefinedError
FN:25083,createClientRoutes
FN:25084,(anonymous_2069)
FN:25086,fetchServerHandler
FN:25090,fetchServerLoader
FN:25094,fetchServerAction
FN:25100,prefetchModule
FN:25105,prefetchRouteModuleChunks
FN:25113,prefetchStylesAndCallHandler
FN:25140,(anonymous_2076)
FN:25146,(anonymous_2077)
FN:25155,(anonymous_2078)
FN:25175,(anonymous_2079)
FN:25180,(anonymous_2080)
FN:25192,(anonymous_2081)
FN:25201,(anonymous_2082)
FN:25201,(anonymous_2083)
FN:25206,(anonymous_2084)
FN:25206,(anonymous_2085)
FN:25214,getLazyRoute
FN:25218,(anonymous_2087)
FN:25220,(anonymous_2088)
FN:25229,(anonymous_2089)
FN:25236,(anonymous_2090)
FN:25238,(anonymous_2091)
FN:25244,(anonymous_2092)
FN:25253,(anonymous_2093)
FN:25255,(anonymous_2094)
FN:25261,(anonymous_2095)
FN:25270,(anonymous_2096)
FN:25274,(anonymous_2097)
FN:25277,(anonymous_2098)
FN:25278,(anonymous_2099)
FN:25286,getShouldRevalidateFunction
FN:25291,(anonymous_2101)
FN:25292,(anonymous_2102)
FN:25292,(anonymous_2103)
FN:25295,(anonymous_2104)
FN:25300,(anonymous_2105)
FN:25305,(anonymous_2106)
FN:25312,wrapShouldRevalidateForHdr
FN:25314,(anonymous_2108)
FN:25322,loadRouteModuleWithBlockingLinks
FN:25339,getRouteModuleComponent
FN:25346,shouldHydrateRouteLoader
FN:25355,isFogOfWarEnabled
FN:25358,getPartialManifest
FN:25362,(anonymous_2114)
FN:25370,(anonymous_2115)
FN:25373,(anonymous_2116)
FN:25376,(anonymous_2117)
FN:25385,getPatchRoutesOnNavigationFunction
FN:25389,(anonymous_2119)
FN:25401,useFogOFWarDiscovery
FN:25402,(anonymous_2121)
FN:25408,registerElement
FN:25418,fetchPatches
FN:25420,(anonymous_2124)
FN:25438,(anonymous_2125)
FN:25445,(anonymous_2126)
FN:25448,getManifestPath
FN:25456,fetchAndApplyManifestPatches
FN:25458,(anonymous_2129)
FN:25485,(anonymous_2130)
FN:25496,(anonymous_2131)
FN:25503,(anonymous_2132)
FN:25505,(anonymous_2133)
FN:25510,(anonymous_2134)
FN:25512,addToFifoQueue
FN:25519,debounce
FN:25521,(anonymous_2137)
FN:25523,(anonymous_2138)
FN:25528,useDataRouterContext2
FN:25533,useDataRouterStateContext
FN:25540,useFrameworkContext
FN:25545,usePrefetchBehavior
FN:25557,(anonymous_2143)
FN:25562,(anonymous_2144)
FN:25563,(anonymous_2145)
FN:25571,(anonymous_2146)
FN:25576,(anonymous_2147)
FN:25578,(anonymous_2148)
FN:25581,(anonymous_2149)
FN:25586,(anonymous_2150)
FN:25589,(anonymous_2151)
FN:25607,composeEventHandlers
FN:25608,(anonymous_2153)
FN:25615,getActiveMatches
FN:25620,(anonymous_2155)
FN:25626,Links
FN:25640,(anonymous_2157)
FN:25655,(anonymous_2158)
FN:25668,PrefetchPageLinks
FN:25675,(anonymous_2160)
FN:25685,useKeyedPrefetchLinks
FN:25691,(anonymous_2162)
FN:25693,(anonymous_2163)
FN:25698,(anonymous_2164)
FN:25704,PrefetchPageLinksImpl
FN:25721,(anonymous_2166)
FN:25722,(anonymous_2167)
FN:25723,(anonymous_2168)
FN:25729,(anonymous_2169)
FN:25734,(anonymous_2170)
FN:25747,(anonymous_2171)
FN:25747,(anonymous_2172)
FN:25751,(anonymous_2173)
FN:25753,(anonymous_2174)
FN:25759,(anonymous_2175)
FN:25764,(anonymous_2176)
FN:25777,Meta
FN:25835,(anonymous_2178)
FN:25889,isValidMetaTag
FN:25893,Scripts
FN:25916,(anonymous_2181)
FN:25919,(anonymous_2182)
FN:25926,(anonymous_2183)
FN:25956,(anonymous_2184)
FN:25957,(anonymous_2185)
FN:25963,(anonymous_2186)
FN:26005,(anonymous_2187)
FN:26014,dedupe
FN:26017,mergeRefs
FN:26018,(anonymous_2190)
FN:26019,(anonymous_2191)
FN:26031,(anonymous_2192)
FN:26038,(anonymous_2193)
FN:26043,(anonymous_2194)
FN:26055,(anonymous_2195)
FN:26066,RemixRootDefaultErrorBoundary
FN:26112,BoundaryShell
FN:26149,createBrowserRouter
FN:26166,createHashRouter
FN:26183,parseHydrationData
FN:26193,deserializeErrors
FN:26222,BrowserRouter
FN:26239,(anonymous_2203)
FN:26240,(anonymous_2204)
FN:26242,(anonymous_2205)
FN:26251,HashRouter
FN:26268,(anonymous_2207)
FN:26269,(anonymous_2208)
FN:26271,(anonymous_2209)
FN:26280,HistoryRouter
FN:26289,(anonymous_2211)
FN:26290,(anonymous_2212)
FN:26292,(anonymous_2213)
FN:26303,LinkWithRef
FN:26352,handleClick
FN:26375,NavLinkWithRef
FN:26437,(anonymous_2217)
FN:26458,(anonymous_2218)
FN:26485,ScrollRestoration
FN:26500,(anonymous_2220)
FN:26511,(anonymous_2221)
FN:26538,getDataRouterConsoleError2
FN:26541,useDataRouterContext3
FN:26546,useDataRouterState2
FN:26551,useLinkClickHandler
FN:26564,(anonymous_2226)
FN:26578,useSearchParams
FN:26583,(anonymous_2228)
FN:26589,(anonymous_2229)
FN:26597,(anonymous_2230)
FN:26598,useSubmit
FN:26606,(anonymous_2232)
FN:26640,useFormAction
FN:26659,(anonymous_2234)
FN:26662,(anonymous_2235)
FN:26662,(anonymous_2236)
FN:26675,useFetcher
FN:26693,(anonymous_2238)
FN:26695,(anonymous_2239)
FN:26697,(anonymous_2240)
FN:26702,(anonymous_2241)
FN:26709,(anonymous_2242)
FN:26710,(anonymous_2243)
FN:26723,(anonymous_2244)
FN:26732,useFetchers
FN:26734,(anonymous_2246)
FN:26741,getScrollRestorationKey
FN:26758,useScrollRestoration
FN:26775,(anonymous_2249)
FN:26777,(anonymous_2250)
FN:26781,(anonymous_2251)
FN:26794,(anonymous_2252)
FN:26802,(anonymous_2253)
FN:26803,(anonymous_2254)
FN:26803,(anonymous_2255)
FN:26804,(anonymous_2256)
FN:26806,(anonymous_2257)
FN:26832,useBeforeUnload
FN:26836,(anonymous_2259)
FN:26841,(anonymous_2260)
FN:26846,usePageHide
FN:26850,(anonymous_2262)
FN:26855,(anonymous_2263)
FN:26860,usePrompt
FN:26865,(anonymous_2265)
FN:26875,(anonymous_2266)
FN:26881,useViewTransitionState
FN:26902,StaticRouter
FN:26928,StaticRouterProvider
FN:26984,DataRoutes2
FN:26991,serializeErrors
FN:27017,getStatelessNavigator
FN:27021,(anonymous_2273)
FN:27024,(anonymous_2274)
FN:27027,(anonymous_2275)
FN:27030,(anonymous_2276)
FN:27033,(anonymous_2277)
FN:27038,createStaticHandler2
FN:27044,createStaticRouter
FN:27047,(anonymous_2280)
FN:27054,(anonymous_2281)
FN:27056,(anonymous_2282)
FN:27059,(anonymous_2283)
FN:27065,(anonymous_2284)
FN:27082,(anonymous_2285)
FN:27085,(anonymous_2286)
FN:27088,(anonymous_2287)
FN:27091,(anonymous_2288)
FN:27094,(anonymous_2289)
FN:27097,(anonymous_2290)
FN:27100,(anonymous_2291)
FN:27103,(anonymous_2292)
FN:27108,(anonymous_2293)
FN:27111,(anonymous_2294)
FN:27114,(anonymous_2295)
FN:27117,(anonymous_2296)
FN:27120,(anonymous_2297)
FN:27123,(anonymous_2298)
FN:27127,(anonymous_2299)
FN:27130,(anonymous_2300)
FN:27135,createHref
FN:27138,encodeLocation
FN:27157,htmlEscape
FN:27158,(anonymous_2304)
FN:27168,(anonymous_2305)
FN:27183,(anonymous_2306)
FN:27184,getComponentNameFromType
FN:27225,testStringCoercion
FN:27228,checkKeyStringCoercion
FN:27243,getTaskName
FN:27253,getOwner
FN:27257,UnknownOwner
FN:27260,hasValidKey
FN:27267,defineKeyPropWarningGetter
FN:27268,warnAboutAccessingKey
FN:27277,elementRefGetterWithDeprecationWarning
FN:27283,ReactElement
FN:27327,jsxDEVImpl
FN:27337,(anonymous_2319)
FN:27353,validateChildKeys
FN:27375,(anonymous_2321)
FN:27379,(anonymous_2322)
FN:27389,(anonymous_2323)
FN:27401,(anonymous_2324)
FN:27417,(anonymous_2325)
FN:27418,defineDeprecationWarning
FN:27420,(anonymous_2327)
FN:27425,getIteratorFn
FN:27430,warnNoop
FN:27435,Component
FN:27441,ComponentDummy
FN:27442,PureComponent
FN:27448,testStringCoercion
FN:27451,checkKeyStringCoercion
FN:27466,getComponentNameFromType
FN:27507,getTaskName
FN:27517,getOwner
FN:27521,UnknownOwner
FN:27524,hasValidKey
FN:27531,defineKeyPropWarningGetter
FN:27532,warnAboutAccessingKey
FN:27541,elementRefGetterWithDeprecationWarning
FN:27547,ReactElement
FN:27591,cloneAndReplaceKey
FN:27596,isValidElement
FN:27599,escape
FN:27604,(anonymous_2347)
FN:27608,getElementKey
FN:27611,noop$1
FN:27612,resolveThenable
FN:27619,(anonymous_2351)
FN:27621,(anonymous_2352)
FN:27632,mapIntoArray
FN:27656,(anonymous_2354)
FN:27670,mapChildren
FN:27674,(anonymous_2356)
FN:27679,lazyInitializer
FN:27683,(anonymous_2358)
FN:27685,(anonymous_2359)
FN:27693,resolveDispatcher
FN:27698,noop
FN:27699,enqueueTask
FN:27704,(anonymous_2363)
FN:27713,aggregateErrors
FN:27716,popActScope
FN:27720,recursivelyFlushAsyncActWork
FN:27724,(anonymous_2367)
FN:27733,flushActQueue
FN:27779,(anonymous_2369)
FN:27782,(anonymous_2370)
FN:27785,(anonymous_2371)
FN:27788,(anonymous_2372)
FN:27796,(anonymous_2373)
FN:27800,(anonymous_2374)
FN:27831,(anonymous_2375)
FN:27835,(anonymous_2376)
FN:27845,(anonymous_2377)
FN:27865,(anonymous_2378)
FN:27866,(anonymous_2379)
FN:27872,(anonymous_2380)
FN:27878,(anonymous_2381)
FN:27879,(anonymous_2382)
FN:27883,(anonymous_2383)
FN:27885,(anonymous_2384)
FN:27890,(anonymous_2385)
FN:27891,(anonymous_2386)
FN:27895,(anonymous_2387)
FN:27908,(anonymous_2388)
FN:27922,(anonymous_2389)
FN:27926,(anonymous_2390)
FN:27928,(anonymous_2391)
FN:27932,(anonymous_2392)
FN:27944,(anonymous_2393)
FN:27953,(anonymous_2394)
FN:27958,(anonymous_2395)
FN:27960,(anonymous_2396)
FN:27966,(anonymous_2397)
FN:27967,(anonymous_2398)
FN:27971,(anonymous_2399)
FN:27975,(anonymous_2400)
FN:28003,(anonymous_2401)
FN:28021,(anonymous_2402)
FN:28040,(anonymous_2403)
FN:28047,(anonymous_2404)
FN:28058,(anonymous_2405)
FN:28061,(anonymous_2406)
FN:28071,(anonymous_2407)
FN:28081,(anonymous_2408)
FN:28092,(anonymous_2409)
FN:28095,(anonymous_2410)
FN:28104,(anonymous_2411)
FN:28120,(anonymous_2412)
FN:28123,(anonymous_2413)
FN:28126,(anonymous_2414)
FN:28129,(anonymous_2415)
FN:28132,(anonymous_2416)
FN:28137,(anonymous_2417)
FN:28140,(anonymous_2418)
FN:28143,(anonymous_2419)
FN:28149,(anonymous_2420)
FN:28152,(anonymous_2421)
FN:28155,(anonymous_2422)
FN:28159,(anonymous_2423)
FN:28163,(anonymous_2424)
FN:28166,(anonymous_2425)
FN:28169,(anonymous_2426)
FN:28172,(anonymous_2427)
FN:28175,(anonymous_2428)
FN:28178,(anonymous_2429)
FN:28181,(anonymous_2430)
FN:28194,(anonymous_2431)
FN:28210,(anonymous_2432)
FN:28226,(anonymous_2433)
FN:28241,(anonymous_2434)
FN:28242,performWorkUntilDeadline
FN:28292,push
FN:28301,peek
FN:28304,pop
FN:28320,compare
FN:28324,advanceTimers
FN:28330,handleTimeout
FN:28338,shouldYieldToHost
FN:28341,requestHostTimeout
FN:28342,(anonymous_2444)
FN:28350,(anonymous_2445)
FN:28356,(anonymous_2446)
FN:28376,(anonymous_2447)
FN:28382,(anonymous_2448)
FN:28385,(anonymous_2449)
FN:28394,(anonymous_2450)
FN:28397,(anonymous_2451)
FN:28400,(anonymous_2452)
FN:28403,(anonymous_2453)
FN:28421,(anonymous_2454)
FN:28424,(anonymous_2455)
FN:28443,(anonymous_2456)
FN:28475,(anonymous_2457)
FN:28477,(anonymous_2458)
FN:28496,(anonymous_2459)
FN:28512,(anonymous_2460)
FN:28518,getIndexByIdentifier
FN:28528,modulesToDom
FN:28561,addElementStyle
FN:28564,updater
FN:28576,(anonymous_2465)
FN:28580,update
FN:28606,(anonymous_2467)
FN:28650,(anonymous_2468)
FN:28670,(anonymous_2469)
FN:28690,(anonymous_2470)
FN:28727,removeStyleElement
FN:28761,(anonymous_2472)
FN:28785,(anonymous_2473)
FN:28790,(anonymous_2474)
FN:28793,_classCallCheck
FN:28798,_defineProperties
FN:28807,_createClass
FN:28815,_toPropertyKey
FN:28819,_toPrimitive
FN:28830,(anonymous_2480)
FN:28834,WebSocketClient
FN:28837,(anonymous_2482)
FN:28847,onOpen
FN:28856,onClose
FN:28866,onMessage
FN:28867,(anonymous_2486)
FN:28882,(anonymous_2487)
FN:28897,ownKeys
FN:28901,(anonymous_2489)
FN:28907,_objectSpread
FN:28910,(anonymous_2491)
FN:28912,(anonymous_2492)
FN:28918,_defineProperty
FN:28932,_toPropertyKey
FN:28936,_toPrimitive
FN:28986,decodeOverlayOptions
FN:28988,(anonymous_2497)
FN:29064,setAllLogLevel
FN:29073,(anonymous_2499)
FN:29083,send
FN:29086,hot
FN:29092,liveReload
FN:29098,invalid
FN:29112,hash
FN:29120,overlay
FN:29130,reconnect
FN:29139,progress
FN:29145,progressUpdate
FN:29151,stillOk
FN:29160,ok
FN:29173,contentChanged
FN:29180,staticChanged
FN:29188,warnings
FN:29190,(anonymous_2514)
FN:29219,errors
FN:29221,(anonymous_2516)
FN:29246,error
FN:29249,close
FN:29268,(anonymous_2519)
FN:29270,(anonymous_2520)
FN:29282,(anonymous_2521)
FN:29286,clientTapableSyncBailHook
FN:29288,call
FN:29299,(anonymous_2524)
FN:29305,_toConsumableArray
FN:29308,_nonIterableSpread
FN:29311,_unsupportedIterableToArray
FN:29319,_iterableToArray
FN:29320,(anonymous_2529)
FN:29322,(anonymous_2530)
FN:29326,_arrayWithoutHoles
FN:29329,_arrayLikeToArray
FN:29334,_classCallCheck
FN:29339,_defineProperties
FN:29348,_createClass
FN:29356,_toPropertyKey
FN:29360,_toPrimitive
FN:29362,(anonymous_2538)
FN:29410,(anonymous_2539)
FN:29413,(anonymous_2540)
FN:29416,(anonymous_2541)
FN:29419,(anonymous_2542)
FN:29424,WebpackLogger
FN:29431,error
FN:29439,warn
FN:29447,info
FN:29455,log
FN:29463,debug
FN:29471,assert
FN:29481,trace
FN:29486,clear
FN:29491,status
FN:29499,group
FN:29507,groupCollapsed
FN:29515,groupEnd
FN:29523,profile
FN:29528,profileEnd
FN:29533,time
FN:29539,timeLog
FN:29549,timeEnd
FN:29560,timeAggregate
FN:29582,timeAggregateEnd
FN:29601,(anonymous_2563)
FN:29607,_toConsumableArray
FN:29610,_nonIterableSpread
FN:29613,_unsupportedIterableToArray
FN:29621,_iterableToArray
FN:29622,(anonymous_2568)
FN:29624,(anonymous_2569)
FN:29628,_arrayWithoutHoles
FN:29631,_arrayLikeToArray
FN:29674,filterToFunction
FN:29679,(anonymous_2573)
FN:29684,(anonymous_2574)
FN:29692,(anonymous_2575)
FN:29716,(anonymous_2576)
FN:29722,(anonymous_2577)
FN:29734,logger
FN:29735,labeledArgs
FN:29746,(anonymous_2580)
FN:29873,(anonymous_2581)
FN:29879,_extends
FN:29880,(anonymous_2583)
FN:29910,(anonymous_2584)
FN:29911,(anonymous_2585)
FN:29915,(anonymous_2586)
FN:29924,(anonymous_2587)
FN:29944,__nested_webpack_require_27238__
FN:29974,(anonymous_2589)
FN:29976,(anonymous_2590)
FN:29994,(anonymous_2591)
FN:29995,(anonymous_2592)
FN:30003,(anonymous_2593)
FN:30005,(anonymous_2594)
FN:30024,(anonymous_2595)
FN:30031,(anonymous_2596)
FN:30053,(anonymous_2597)
FN:30058,(anonymous_2598)
FN:30059,(anonymous_2599)
FN:30067,ownKeys
FN:30071,(anonymous_2601)
FN:30077,_objectSpread
FN:30080,(anonymous_2603)
FN:30082,(anonymous_2604)
FN:30088,_defineProperty
FN:30102,_toPropertyKey
FN:30106,_toPrimitive
FN:30143,formatProblem
FN:30157,(anonymous_2609)
FN:30179,createOverlay
FN:30196,applyStyle
FN:30197,(anonymous_2612)
FN:30205,createContainer
FN:30209,createHTML
FN:30218,(anonymous_2615)
FN:30234,(anonymous_2616)
FN:30247,(anonymous_2617)
FN:30262,ensureOverlayExists
FN:30277,hide
FN:30295,show
FN:30296,(anonymous_2621)
FN:30298,(anonymous_2622)
FN:30316,(anonymous_2623)
FN:30335,showOverlay
FN:30349,handleError
FN:30362,(anonymous_2626)
FN:30371,(anonymous_2627)
FN:30386,(anonymous_2628)
FN:30391,(anonymous_2629)
FN:30393,ownKeys
FN:30397,(anonymous_2631)
FN:30403,_objectSpread
FN:30406,(anonymous_2633)
FN:30408,(anonymous_2634)
FN:30414,_defineProperty
FN:30428,_toPropertyKey
FN:30432,_toPrimitive
FN:30474,createMachine
FN:30482,send
FN:30488,(anonymous_2640)
FN:30508,(anonymous_2641)
FN:30513,(anonymous_2642)
FN:30514,(anonymous_2643)
FN:30515,(anonymous_2644)
FN:30521,parseErrorToStacks
FN:30526,(anonymous_2646)
FN:30541,listenToRuntimeError
FN:30543,cleanup
FN:30557,listenToUnhandledRejection
FN:30559,cleanup
FN:30571,(anonymous_2651)
FN:30576,(anonymous_2652)
FN:30597,createOverlayMachine
FN:30651,dismissMessages
FN:30658,appendMessages
FN:30665,setMessages
FN:30686,(anonymous_2657)
FN:30691,(anonymous_2658)
FN:30692,(anonymous_2659)
FN:30693,(anonymous_2660)
FN:30694,(anonymous_2661)
FN:30695,(anonymous_2662)
FN:30696,(anonymous_2663)
FN:30697,(anonymous_2664)
FN:30780,(anonymous_2665)
FN:30785,(anonymous_2666)
FN:30786,(anonymous_2667)
FN:30816,initSocket
FN:30818,(anonymous_2669)
FN:30824,(anonymous_2670)
FN:30840,(anonymous_2671)
FN:30849,(anonymous_2672)
FN:30864,(anonymous_2673)
FN:30869,(anonymous_2674)
FN:30875,format
FN:30915,(anonymous_2676)
FN:30926,createSocketURL
FN:30999,(anonymous_2678)
FN:31004,(anonymous_2679)
FN:31009,getCurrentScriptSource
FN:31018,(anonymous_2681)
FN:31037,(anonymous_2682)
FN:31042,(anonymous_2683)
FN:31043,(anonymous_2684)
FN:31044,(anonymous_2685)
FN:31059,setLogLevel
FN:31066,logEnabledFeatures
FN:31090,(anonymous_2688)
FN:31095,(anonymous_2689)
FN:31104,parseURL
FN:31141,(anonymous_2691)
FN:31146,(anonymous_2692)
FN:31161,reloadApp
FN:31178,applyReload
FN:31199,(anonymous_2695)
FN:31221,(anonymous_2696)
FN:31226,(anonymous_2697)
FN:31235,sendMsg
FN:31251,(anonymous_2699)
FN:31256,(anonymous_2700)
FN:31269,stripAnsi
FN:31283,(anonymous_2702)
FN:31293,upToDate
FN:31297,check
FN:31298,(anonymous_2705)
FN:31314,(anonymous_2706)
FN:31328,(anonymous_2707)
FN:31345,(anonymous_2708)
FN:31356,(anonymous_2709)
FN:31367,(anonymous_2710)
FN:31368,(anonymous_2711)
FN:31374,(anonymous_2712)
FN:31382,(anonymous_2713)
FN:31392,(anonymous_2714)
FN:31405,(anonymous_2715)
FN:31411,dummy
FN:31417,shouldLog
FN:31426,logGroup
FN:31427,(anonymous_2719)
FN:31438,(anonymous_2720)
FN:31454,(anonymous_2721)
FN:31474,(anonymous_2722)
FN:31484,(anonymous_2723)
FN:31489,(anonymous_2724)
FN:31530,isEqualLocals
FN:31560,(anonymous_2726)
FN:31561,(anonymous_2727)
FN:31575,(anonymous_2728)
FN:31591,(anonymous_2729)
FN:31596,(anonymous_2730)
FN:31621,App
FN:31690,$ReactRefreshModuleRuntime$
FN:31722,(anonymous_2733)
FN:31727,(anonymous_2734)
FN:31768,isEqualLocals
FN:31798,(anonymous_2736)
FN:31799,(anonymous_2737)
FN:31813,(anonymous_2738)
FN:31829,(anonymous_2739)
FN:31834,(anonymous_2740)
FN:31853,(anonymous_2741)
FN:31911,$ReactRefreshModuleRuntime$
FN:31943,(anonymous_2743)
FN:31948,(anonymous_2744)
FN:31989,isEqualLocals
FN:32019,(anonymous_2746)
FN:32020,(anonymous_2747)
FN:32034,(anonymous_2748)
FN:32050,(anonymous_2749)
FN:32055,(anonymous_2750)
FN:32075,(anonymous_2751)
FN:32097,(anonymous_2752)
FN:32113,(anonymous_2753)
FN:32129,(anonymous_2754)
FN:32164,$ReactRefreshModuleRuntime$
FN:32196,(anonymous_2756)
FN:32201,(anonymous_2757)
FN:32241,$ReactRefreshModuleRuntime$
FN:32273,(anonymous_2759)
FN:32278,(anonymous_2760)
FN:32319,isEqualLocals
FN:32349,(anonymous_2762)
FN:32350,(anonymous_2763)
FN:32364,(anonymous_2764)
FN:32380,(anonymous_2765)
FN:32424,$ReactRefreshModuleRuntime$
FN:32456,(anonymous_2767)
FN:32461,(anonymous_2768)
FN:32502,isEqualLocals
FN:32532,(anonymous_2770)
FN:32533,(anonymous_2771)
FN:32547,(anonymous_2772)
FN:32563,(anonymous_2773)
FN:32568,(anonymous_2774)
FN:32589,(anonymous_2775)
FN:32601,(anonymous_2776)
FN:32629,$ReactRefreshModuleRuntime$
FN:32661,(anonymous_2778)
FN:32666,(anonymous_2779)
FN:32707,isEqualLocals
FN:32737,(anonymous_2781)
FN:32738,(anonymous_2782)
FN:32752,(anonymous_2783)
FN:32768,(anonymous_2784)
FN:32773,(anonymous_2785)
FN:32786,(anonymous_2786)
FN:32820,$ReactRefreshModuleRuntime$
FN:32852,(anonymous_2788)
FN:32857,(anonymous_2789)
FN:32898,isEqualLocals
FN:32928,(anonymous_2791)
FN:32929,(anonymous_2792)
FN:32943,(anonymous_2793)
FN:32959,(anonymous_2794)
FN:32964,(anonymous_2795)
FN:32977,(anonymous_2796)
FN:33010,$ReactRefreshModuleRuntime$
FN:33042,(anonymous_2798)
FN:33047,(anonymous_2799)
FN:33052,(anonymous_2800)
FN:33054,(anonymous_2801)
FN:33076,$ReactRefreshModuleRuntime$
FN:33110,__webpack_require__
FN:33125,(anonymous_2804)
FN:33147,(anonymous_2805)
FN:33149,(anonymous_2806)
FN:33151,(anonymous_2807)
FN:33152,(anonymous_2808)
FN:33159,(anonymous_2809)
FN:33161,(anonymous_2810)
FN:33171,(anonymous_2811)
FN:33175,(anonymous_2812)
FN:33176,(anonymous_2813)
FN:33184,(anonymous_2814)
FN:33186,(anonymous_2815)
FN:33195,(anonymous_2816)
FN:33197,(anonymous_2817)
FN:33204,(anonymous_2818)
FN:33205,(anonymous_2819)
FN:33209,(anonymous_2820)
FN:33210,(anonymous_2821)
FN:33214,(anonymous_2822)
FN:33215,(anonymous_2823)
FN:33226,(anonymous_2824)
FN:33227,(anonymous_2825)
FN:33231,(anonymous_2826)
FN:33235,(anonymous_2827)
FN:33259,(anonymous_2828)
FN:33266,(anonymous_2829)
FN:33277,(anonymous_2830)
FN:33279,(anonymous_2831)
FN:33288,(anonymous_2832)
FN:33289,(anonymous_2833)
FN:33297,(anonymous_2834)
FN:33319,(anonymous_2835)
FN:33332,createRequire
FN:33335,(anonymous_2837)
FN:33360,(anonymous_2838)
FN:33364,(anonymous_2839)
FN:33367,(anonymous_2840)
FN:33377,(anonymous_2841)
FN:33383,createModuleHotObject
FN:33395,(anonymous_2843)
FN:33403,(anonymous_2844)
FN:33408,(anonymous_2845)
FN:33412,(anonymous_2846)
FN:33416,(anonymous_2847)
FN:33423,(anonymous_2848)
FN:33426,(anonymous_2849)
FN:33429,(anonymous_2850)
FN:33433,(anonymous_2851)
FN:33438,(anonymous_2852)
FN:33447,(anonymous_2853)
FN:33471,(anonymous_2854)
FN:33475,(anonymous_2855)
FN:33478,(anonymous_2856)
FN:33490,setStatus
FN:33497,(anonymous_2858)
FN:33500,unblock
FN:33502,(anonymous_2860)
FN:33514,trackBlockingPromise
FN:33528,waitForBlockingPromises
FN:33530,(anonymous_2863)
FN:33531,(anonymous_2864)
FN:33537,hotCheck
FN:33543,(anonymous_2866)
FN:33546,(anonymous_2867)
FN:33552,(anonymous_2868)
FN:33557,(anonymous_2869)
FN:33571,(anonymous_2870)
FN:33572,(anonymous_2871)
FN:33576,(anonymous_2872)
FN:33585,hotApply
FN:33587,(anonymous_2874)
FN:33598,internalApply
FN:33603,(anonymous_2876)
FN:33609,(anonymous_2877)
FN:33615,(anonymous_2878)
FN:33623,(anonymous_2879)
FN:33631,(anonymous_2880)
FN:33637,(anonymous_2881)
FN:33638,(anonymous_2882)
FN:33641,(anonymous_2883)
FN:33647,(anonymous_2884)
FN:33648,(anonymous_2885)
[...]
FN:143,(anonymous_10)
FN:158,(anonymous_11)
FN:175,(anonymous_12)
FN:179,(anonymous_13)
FN:205,(anonymous_14)
FN:214,(anonymous_15)
FN:222,(anonymous_16)
FN:264,(anonymous_17)
FN:276,(anonymous_18)
FN:283,(anonymous_19)
FN:287,(anonymous_20)
FN:307,(anonymous_21)
FN:318,(anonymous_22)
FN:326,(anonymous_23)
FN:334,(anonymous_24)
FN:348,(anonymous_25)
FNF:26
FNH:0
FNDA:0,PujaReminderPage
FNDA:0,(anonymous_1)
FNDA:0,(anonymous_2)
FNDA:0,(anonymous_3)
FNDA:0,(anonymous_4)
FNDA:0,(anonymous_5)
FNDA:0,(anonymous_6)
FNDA:0,(anonymous_7)
FNDA:0,(anonymous_8)
FNDA:0,(anonymous_9)
FNDA:0,(anonymous_10)
FNDA:0,(anonymous_11)
FNDA:0,(anonymous_12)
FNDA:0,(anonymous_13)
FNDA:0,(anonymous_14)
FNDA:0,(anonymous_15)
FNDA:0,(anonymous_16)
FNDA:0,(anonymous_17)
FNDA:0,(anonymous_18)
FNDA:0,(anonymous_19)
FNDA:0,(anonymous_20)
FNDA:0,(anonymous_21)
FNDA:0,(anonymous_22)
FNDA:0,(anonymous_23)
FNDA:0,(anonymous_24)
FNDA:0,(anonymous_25)
DA:20,0
DA:21,0
DA:22,0
DA:23,0
DA:24,0
DA:25,0
DA:27,0
DA:28,0
DA:29,0
DA:30,0
DA:31,0
DA:32,0
DA:33,0
DA:36,0
DA:37,0
DA:38,0
DA:41,0
DA:42,0
DA:43,0
DA:44,0
DA:45,0
DA:48,0
DA:49,0
DA:50,0
DA:52,0
DA:53,0
DA:54,0
DA:55,0
DA:59,0
DA:60,0
DA:61,0
DA:62,0
DA:64,0
DA:65,0
DA:67,0
DA:69,0
DA:70,0
DA:73,0
DA:74,0
DA:75,0
DA:77,0
DA:78,0
DA:80,0
DA:83,0
DA:86,0
DA:87,0
DA:88,0
DA:89,0
DA:90,0
DA:93,0
DA:94,0
DA:95,0
DA:99,0
DA:101,0
DA:103,0
DA:144,0
DA:158,0
DA:176,0
DA:179,0
DA:206,0
DA:215,0
DA:222,0
DA:264,0
DA:276,0
DA:284,0
DA:287,0
DA:307,0
DA:318,0
DA:326,0
DA:334,0
DA:349,0
LF:71
LH:0
BRDA:43,0,0,0
BRDA:43,0,1,0
BRDA:52,1,0,0
BRDA:52,1,1,0
BRDA:77,2,0,0
BRDA:77,2,1,0
BRDA:94,3,0,0
BRDA:94,3,1,0
BRDA:113,4,0,0
BRDA:113,4,1,0
BRDA:118,5,0,0
BRDA:118,5,1,0
BRDA:119,6,0,0
BRDA:119,6,1,0
BRDA:120,7,0,0
BRDA:120,7,1,0
BRDA:121,8,0,0
BRDA:121,8,1,0
BRDA:122,9,0,0
BRDA:122,9,1,0
BRDA:123,10,0,0
BRDA:123,10,1,0
BRDA:155,11,0,0
BRDA:155,11,1,0
BRDA:178,12,0,0
BRDA:178,12,1,0
BRDA:182,13,0,0
BRDA:182,13,1,0
BRDA:183,14,0,0
BRDA:183,14,1,0
BRDA:184,15,0,0
BRDA:184,15,1,0
BRDA:188,16,0,0
BRDA:188,16,1,0
BRDA:193,17,0,0
BRDA:193,17,1,0
BRDA:235,18,0,0
BRDA:235,18,1,0
BRDA:243,19,0,0
BRDA:243,19,1,0
BRDA:269,20,0,0
BRDA:269,20,1,0
BRDA:286,21,0,0
BRDA:286,21,1,0
BRDA:312,22,0,0
BRDA:312,22,1,0
BRF:46
BRH:0
end_of_record
TN:
SF:src/pages/PuranaPage/PuranaPage.js
FN:7,(anonymous_0)
FN:9,(anonymous_1)
FN:31,(anonymous_2)
FN:74,(anonymous_3)
FN:101,(anonymous_4)
FN:122,(anonymous_5)
FN:126,(anonymous_6)
FN:144,(anonymous_7)
FN:188,(anonymous_8)
FN:192,(anonymous_9)
FNF:10
FNH:0
FNDA:0,(anonymous_0)
FNDA:0,(anonymous_1)
FNDA:0,(anonymous_2)
FNDA:0,(anonymous_3)
FNDA:0,(anonymous_4)
FNDA:0,(anonymous_5)
FNDA:0,(anonymous_6)
FNDA:0,(anonymous_7)
FNDA:0,(anonymous_8)
FNDA:0,(anonymous_9)
DA:7,0
DA:8,0
DA:9,0
DA:10,0
DA:11,0
DA:13,0
DA:14,0
DA:22,0
DA:23,0
DA:25,0
DA:26,0
DA:31,0
DA:68,0
DA:69,0
DA:74,0
DA:102,0
DA:123,0
DA:126,0
DA:145,0
DA:160,0
DA:189,0
DA:192,0
LF:22
LH:0
BRDA:13,0,0,0
BRDA:13,0,1,0
BRDA:13,1,0,0
BRDA:13,1,1,0
BRDA:22,2,0,0
BRDA:22,2,1,0
BRDA:22,2,2,0
BRDA:23,3,0,0
BRDA:23,3,1,0
BRDA:25,4,0,0
BRDA:25,4,1,0
BRDA:25,5,0,0
BRDA:25,5,1,0
BRDA:39,6,0,0
BRDA:39,6,1,0
BRDA:45,7,0,0
BRDA:45,7,1,0
BRDA:45,7,2,0
BRDA:56,8,0,0
BRDA:56,8,1,0
BRDA:68,9,0,0
BRDA:68,9,1,0
BRDA:81,10,0,0
BRDA:81,10,1,0
BRDA:86,11,0,0
BRDA:86,11,1,0
BRDA:97,12,0,0
BRDA:97,12,1,0
BRDA:108,13,0,0
BRDA:108,13,1,0
BRDA:118,14,0,0
BRDA:118,14,1,0
BRDA:118,14,2,0
BRDA:130,15,0,0
BRDA:130,15,1,0
BRDA:140,16,0,0
BRDA:140,16,1,0
BRDA:168,17,0,0
BRDA:168,17,1,0
BRDA:180,18,0,0
BRDA:180,18,1,0
BRDA:181,19,0,0
BRDA:181,19,1,0
BRDA:195,20,0,0
BRDA:195,20,1,0
BRDA:200,21,0,0
BRDA:200,21,1,0
BRDA:200,21,2,0
BRF:48
BRH:0
end_of_record
TN:
SF:src/pages/RamayanaPage/RamayanaTOCPage.js
FN:6,(anonymous_0)
FN:8,(anonymous_1)
FN:50,(anonymous_2)
FNF:3
FNH:3
FNDA:1,(anonymous_0)
FNDA:1,(anonymous_1)
FNDA:7,(anonymous_2)
DA:6,1
DA:7,1
DA:8,1
DA:10,1
DA:11,0
DA:20,1
DA:22,1
DA:23,1
DA:24,0
DA:25,0
DA:26,0
DA:27,0
DA:29,1
DA:30,0
DA:38,1
DA:51,7
LF:16
LH:10
BRDA:8,0,0,1
BRDA:8,0,1,0
BRDA:10,1,0,0
BRDA:10,1,1,1
BRDA:20,2,0,1
BRDA:20,2,1,0
BRDA:20,2,2,0
BRDA:20,2,3,0
BRDA:20,2,4,0
BRDA:23,3,0,1
BRDA:23,3,1,0
BRDA:23,4,0,0
BRDA:23,4,1,1
BRDA:24,5,0,0
BRDA:24,5,1,0
BRDA:25,6,0,0
BRDA:25,6,1,0
BRDA:26,7,0,0
BRDA:26,7,1,0
BRDA:27,8,0,0
BRDA:27,8,1,0
BRDA:29,9,0,0
BRDA:29,9,1,1
BRDA:54,10,0,7
BRDA:54,10,1,0
BRDA:57,11,0,7
BRDA:57,11,1,0
BRDA:57,12,0,7
BRDA:57,12,1,7
BRDA:69,13,0,1
BRDA:69,13,1,0
BRF:31
BRH:11
end_of_record
TN:
SF:src/pages/StoryPlayerPage/StoryPlayerPage.js
FN:7,(anonymous_0)
FN:14,(anonymous_1)
FN:39,(anonymous_2)
FN:45,(anonymous_3)
FNF:4
FNH:0
FNDA:0,(anonymous_0)
FNDA:0,(anonymous_1)
FNDA:0,(anonymous_2)
FNDA:0,(anonymous_3)
DA:7,0
DA:9,0
DA:10,0
DA:12,0
DA:14,0
DA:16,0
DA:17,0
DA:26,0
DA:28,0
DA:29,0
DA:37,0
DA:39,0
DA:40,0
DA:41,0
DA:45,0
DA:46,0
DA:47,0
DA:51,0
DA:52,0
DA:54,0
LF:20
LH:0
BRDA:14,0,0,0
BRDA:14,0,1,0
BRDA:16,1,0,0
BRDA:16,1,1,0
BRDA:26,2,0,0
BRDA:26,2,1,0
BRDA:26,2,2,0
BRDA:26,2,3,0
BRDA:26,2,4,0
BRDA:28,3,0,0
BRDA:28,3,1,0
BRDA:28,4,0,0
BRDA:28,4,1,0
BRDA:40,5,0,0
BRDA:40,5,1,0
BRDA:46,6,0,0
BRDA:46,6,1,0
BRDA:73,7,0,0
BRDA:73,7,1,0
BRDA:80,8,0,0
BRDA:80,8,1,0
BRDA:87,9,0,0
BRDA:87,9,1,0
BRF:23
BRH:0
end_of_record
TN:
SF:src/pages/devotional/PujaGuidePage/PujaGuidePage.js
FN:8,(anonymous_0)
FN:18,(anonymous_1)
FN:26,(anonymous_2)
FN:32,(anonymous_3)
FN:35,(anonymous_4)
FN:42,(anonymous_5)
FN:43,(anonymous_6)
FN:66,(anonymous_7)
FN:72,(anonymous_8)
FN:78,(anonymous_9)
FN:80,(anonymous_10)
FN:86,(anonymous_11)
FN:91,(anonymous_12)
FN:108,(anonymous_13)
FN:120,(anonymous_14)
FN:125,(anonymous_15)
FN:130,(anonymous_16)
FN:173,(anonymous_17)
FN:197,(anonymous_18)
FN:207,(anonymous_19)
FN:226,(anonymous_20)
FN:236,(anonymous_21)
FN:282,(anonymous_22)
FN:295,(anonymous_23)
FN:308,(anonymous_24)
FN:329,(anonymous_25)
FN:341,(anonymous_26)
FN:374,(anonymous_27)
FNF:28
FNH:0
FNDA:0,(anonymous_0)
FNDA:0,(anonymous_1)
FNDA:0,(anonymous_2)
FNDA:0,(anonymous_3)
FNDA:0,(anonymous_4)
FNDA:0,(anonymous_5)
FNDA:0,(anonymous_6)
FNDA:0,(anonymous_7)
FNDA:0,(anonymous_8)
FNDA:0,(anonymous_9)
FNDA:0,(anonymous_10)
FNDA:0,(anonymous_11)
FNDA:0,(anonymous_12)
FNDA:0,(anonymous_13)
FNDA:0,(anonymous_14)
FNDA:0,(anonymous_15)
FNDA:0,(anonymous_16)
FNDA:0,(anonymous_17)
FNDA:0,(anonymous_18)
FNDA:0,(anonymous_19)
FNDA:0,(anonymous_20)
FNDA:0,(anonymous_21)
FNDA:0,(anonymous_22)
FNDA:0,(anonymous_23)
FNDA:0,(anonymous_24)
FNDA:0,(anonymous_25)
FNDA:0,(anonymous_26)
FNDA:0,(anonymous_27)
DA:8,0
DA:9,0
DA:10,0
DA:11,0
DA:12,0
DA:13,0
DA:14,0
DA:15,0
DA:16,0
DA:18,0
DA:20,0
DA:21,0
DA:22,0
DA:26,0
DA:28,0
DA:32,0
DA:33,0
DA:35,0
DA:36,0
DA:42,0
DA:43,0
DA:44,0
DA:48,0
DA:49,0
DA:63,0
DA:64,0
DA:66,0
DA:67,0
DA:68,0
DA:72,0
DA:73,0
DA:74,0
DA:78,0
DA:79,0
DA:80,0
DA:82,0
DA:86,0
DA:87,0
DA:88,0
DA:91,0
DA:93,0
DA:95,0
DA:97,0
DA:98,0
DA:99,0
DA:103,0
DA:104,0
DA:107,0
DA:108,0
DA:109,0
DA:112,0
DA:113,0
DA:116,0
DA:117,0
DA:118,0
DA:120,0
DA:121,0
DA:122,0
DA:125,0
DA:126,0
DA:127,0
DA:130,0
DA:131,0
DA:132,0
DA:135,0
DA:137,0
DA:141,0
DA:142,0
DA:144,0
DA:173,0
DA:198,0
DA:208,0
DA:227,0
DA:237,0
DA:282,0
DA:295,0
DA:308,0
DA:330,0
DA:341,0
DA:375,0
LF:80
LH:0
BRDA:21,0,0,0
BRDA:21,0,1,0
BRDA:33,1,0,0
BRDA:33,1,1,0
BRDA:48,2,0,0
BRDA:48,2,1,0
BRDA:67,3,0,0
BRDA:67,3,1,0
BRDA:73,4,0,0
BRDA:73,4,1,0
BRDA:79,5,0,0
BRDA:79,5,1,0
BRDA:95,6,0,0
BRDA:95,6,1,0
BRDA:95,7,0,0
BRDA:95,7,1,0
BRDA:103,8,0,0
BRDA:103,8,1,0
BRDA:109,9,0,0
BRDA:109,9,1,0
BRDA:112,10,0,0
BRDA:112,10,1,0
BRDA:172,11,0,0
BRDA:172,11,1,0
BRDA:176,12,0,0
BRDA:176,12,1,0
BRDA:178,13,0,0
BRDA:178,13,1,0
BRDA:185,14,0,0
BRDA:185,14,1,0
BRDA:185,14,2,0
BRDA:193,15,0,0
BRDA:193,15,1,0
BRDA:203,16,0,0
BRDA:203,16,1,0
BRDA:213,17,0,0
BRDA:213,17,1,0
BRDA:232,18,0,0
BRDA:232,18,1,0
BRDA:232,18,2,0
BRDA:264,19,0,0
BRDA:264,19,1,0
BRDA:273,20,0,0
BRDA:273,20,1,0
BRDA:281,21,0,0
BRDA:281,21,1,0
BRDA:281,22,0,0
BRDA:281,22,1,0
BRDA:285,23,0,0
BRDA:285,23,1,0
BRDA:285,24,0,0
BRDA:285,24,1,0
BRDA:294,25,0,0
BRDA:294,25,1,0
BRDA:294,26,0,0
BRDA:294,26,1,0
BRDA:298,27,0,0
BRDA:298,27,1,0
BRDA:298,28,0,0
BRDA:298,28,1,0
BRDA:307,29,0,0
BRDA:307,29,1,0
BRDA:307,30,0,0
BRDA:307,30,1,0
BRDA:311,31,0,0
BRDA:311,31,1,0
BRDA:311,32,0,0
BRDA:311,32,1,0
BRDA:316,33,0,0
BRDA:316,33,1,0
BRDA:325,34,0,0
BRDA:325,34,1,0
BRDA:325,34,2,0
BRDA:355,35,0,0
BRDA:355,35,1,0
BRDA:365,36,0,0
BRDA:365,36,1,0
BRDA:370,37,0,0
BRDA:370,37,1,0
BRDA:370,37,2,0
BRDA:379,38,0,0
BRDA:379,38,1,0
BRF:82
BRH:0
end_of_record
TN:
SF:src/pages/devotional/PujaListPage/PujaListPage.js
FN:6,(anonymous_0)
FN:14,(anonymous_1)
FN:24,(anonymous_2)
FN:29,(anonymous_3)
FN:53,(anonymous_4)
FN:59,(anonymous_5)
FN:72,(anonymous_6)
FN:75,(anonymous_7)
FN:87,(anonymous_8)
FN:90,(anonymous_9)
FN:114,(anonymous_10)
FN:125,(anonymous_11)
FNF:12
FNH:0
FNDA:0,(anonymous_0)
FNDA:0,(anonymous_1)
FNDA:0,(anonymous_2)
FNDA:0,(anonymous_3)
FNDA:0,(anonymous_4)
FNDA:0,(anonymous_5)
FNDA:0,(anonymous_6)
FNDA:0,(anonymous_7)
FNDA:0,(anonymous_8)
FNDA:0,(anonymous_9)
FNDA:0,(anonymous_10)
FNDA:0,(anonymous_11)
DA:6,0
DA:7,0
DA:8,0
DA:9,0
DA:11,0
DA:12,0
DA:14,0
DA:15,0
DA:18,0
DA:19,0
DA:23,0
DA:24,0
DA:28,0
DA:29,0
DA:32,0
DA:35,0
DA:53,0
DA:59,0
DA:72,0
DA:76,0
DA:87,0
DA:91,0
DA:115,0
DA:116,0
DA:117,0
DA:126,0
LF:26
LH:0
BRDA:18,0,0,0
BRDA:18,0,1,0
BRDA:23,1,0,0
BRDA:23,1,1,0
BRDA:28,2,0,0
BRDA:28,2,1,0
BRDA:56,3,0,0
BRDA:56,3,1,0
BRDA:77,4,0,0
BRDA:77,4,1,0
BRDA:92,5,0,0
BRDA:92,5,1,0
BRDA:102,6,0,0
BRDA:102,6,1,0
BRDA:103,7,0,0
BRDA:103,7,1,0
BRDA:107,8,0,0
BRDA:107,8,1,0
BRF:18
BRH:0
end_of_record
TN:
SF:src/pages/gods/GodDetailPage/GodDetailPage.js
FN:8,(anonymous_0)
FN:12,(anonymous_1)
FN:17,(anonymous_2)
FN:56,(anonymous_3)
FN:82,(anonymous_4)
FN:103,(anonymous_5)
FN:125,(anonymous_6)
FN:158,(anonymous_7)
FN:175,(anonymous_8)
FN:191,(anonymous_9)
FN:217,(anonymous_10)
FN:241,(anonymous_11)
FN:262,(anonymous_12)
FN:284,(anonymous_13)
FNF:14
FNH:0
FNDA:0,(anonymous_0)
FNDA:0,(anonymous_1)
FNDA:0,(anonymous_2)
FNDA:0,(anonymous_3)
FNDA:0,(anonymous_4)
FNDA:0,(anonymous_5)
FNDA:0,(anonymous_6)
FNDA:0,(anonymous_7)
FNDA:0,(anonymous_8)
FNDA:0,(anonymous_9)
FNDA:0,(anonymous_10)
FNDA:0,(anonymous_11)
FNDA:0,(anonymous_12)
FNDA:0,(anonymous_13)
DA:8,0
DA:9,0
DA:12,0
DA:13,0
DA:16,0
DA:17,0
DA:20,0
DA:21,0
DA:30,0
DA:32,0
DA:57,0
DA:83,0
DA:104,0
DA:126,0
DA:159,0
DA:176,0
DA:192,0
DA:218,0
DA:242,0
DA:263,0
DA:285,0
LF:21
LH:0
BRDA:16,0,0,0
BRDA:16,0,1,0
BRDA:20,1,0,0
BRDA:20,1,1,0
BRDA:30,2,0,0
BRDA:30,2,1,0
BRDA:39,3,0,0
BRDA:39,3,1,0
BRDA:49,4,0,0
BRDA:49,4,1,0
BRDA:54,5,0,0
BRDA:54,5,1,0
BRDA:62,6,0,0
BRDA:62,6,1,0
BRDA:66,7,0,0
BRDA:66,7,1,0
BRDA:78,8,0,0
BRDA:78,8,1,0
BRDA:78,8,2,0
BRDA:95,9,0,0
BRDA:95,9,1,0
BRDA:121,10,0,0
BRDA:121,10,1,0
BRDA:121,10,2,0
BRDA:138,11,0,0
BRDA:138,11,1,0
BRDA:138,11,2,0
BRDA:143,12,0,0
BRDA:143,12,1,0
BRDA:154,13,0,0
BRDA:154,13,1,0
BRDA:164,14,0,0
BRDA:164,14,1,0
BRDA:175,15,0,0
BRDA:175,15,1,0
BRDA:178,16,0,0
BRDA:178,16,1,0
BRDA:191,17,0,0
BRDA:191,17,1,0
BRDA:215,18,0,0
BRDA:215,18,1,0
BRDA:226,19,0,0
BRDA:226,19,1,0
BRDA:237,20,0,0
BRDA:237,20,1,0
BRDA:237,20,2,0
BRDA:254,21,0,0
BRDA:254,21,1,0
BRDA:280,22,0,0
BRDA:280,22,1,0
BRDA:280,22,2,0
BRDA:297,23,0,0
BRDA:297,23,1,0
BRDA:297,23,2,0
BRF:54
BRH:0
end_of_record
TN:
SF:src/pages/literature/BhagavadGitaPage/BhagavadGitaPage.js
FN:7,(anonymous_0)
FN:9,(anonymous_1)
FN:22,(anonymous_2)
FN:23,(anonymous_3)
FN:29,(anonymous_4)
FN:40,(anonymous_5)
FN:67,(anonymous_6)
FN:87,(anonymous_7)
FN:137,(anonymous_8)
FN:144,(anonymous_9)
FN:160,(anonymous_10)
FN:168,(anonymous_11)
FNF:12
FNH:0
FNDA:0,(anonymous_0)
FNDA:0,(anonymous_1)
FNDA:0,(anonymous_2)
FNDA:0,(anonymous_3)
FNDA:0,(anonymous_4)
FNDA:0,(anonymous_5)
FNDA:0,(anonymous_6)
FNDA:0,(anonymous_7)
FNDA:0,(anonymous_8)
FNDA:0,(anonymous_9)
FNDA:0,(anonymous_10)
FNDA:0,(anonymous_11)
DA:7,0
DA:8,0
DA:9,0
DA:10,0
DA:11,0
DA:13,0
DA:14,0
DA:22,0
DA:23,0
DA:29,0
DA:30,0
DA:31,0
DA:34,0
DA:35,0
DA:40,0
DA:68,0
DA:88,0
DA:109,0
DA:138,0
DA:144,0
DA:161,0
DA:169,0
DA:170,0
LF:23
LH:0
BRDA:13,0,0,0
BRDA:13,0,1,0
BRDA:13,1,0,0
BRDA:13,1,1,0
BRDA:34,2,0,0
BRDA:34,2,1,0
BRDA:52,3,0,0
BRDA:52,3,1,0
BRDA:63,4,0,0
BRDA:63,4,1,0
BRDA:74,5,0,0
BRDA:74,5,1,0
BRDA:84,6,0,0
BRDA:84,6,1,0
BRDA:84,6,2,0
BRDA:98,7,0,0
BRDA:98,7,1,0
BRDA:117,8,0,0
BRDA:117,8,1,0
BRDA:129,9,0,0
BRDA:129,9,1,0
BRDA:130,10,0,0
BRDA:130,10,1,0
BRDA:140,11,0,0
BRDA:140,11,1,0
BRDA:147,12,0,0
BRDA:147,12,1,0
BRDA:148,13,0,0
BRDA:148,13,1,0
BRDA:153,14,0,0
BRDA:153,14,1,0
BRDA:156,15,0,0
BRDA:156,15,1,0
BRF:33
BRH:0
end_of_record
TN:
SF:src/pages/literature/PuranaPage/PuranaPage.js
FN:7,(anonymous_0)
FN:9,(anonymous_1)
FN:31,(anonymous_2)
FN:74,(anonymous_3)
FN:101,(anonymous_4)
FN:122,(anonymous_5)
FN:126,(anonymous_6)
FN:144,(anonymous_7)
FN:188,(anonymous_8)
FN:192,(anonymous_9)
FNF:10
FNH:0
FNDA:0,(anonymous_0)
FNDA:0,(anonymous_1)
FNDA:0,(anonymous_2)
FNDA:0,(anonymous_3)
FNDA:0,(anonymous_4)
FNDA:0,(anonymous_5)
FNDA:0,(anonymous_6)
FNDA:0,(anonymous_7)
FNDA:0,(anonymous_8)
FNDA:0,(anonymous_9)
DA:7,0
DA:8,0
DA:9,0
DA:10,0
DA:11,0
DA:13,0
DA:14,0
DA:22,0
DA:23,0
DA:25,0
DA:26,0
DA:31,0
DA:68,0
DA:69,0
DA:74,0
DA:102,0
DA:123,0
DA:126,0
DA:145,0
DA:160,0
DA:189,0
DA:192,0
LF:22
LH:0
BRDA:13,0,0,0
BRDA:13,0,1,0
BRDA:13,1,0,0
BRDA:13,1,1,0
BRDA:22,2,0,0
BRDA:22,2,1,0
BRDA:22,2,2,0
BRDA:23,3,0,0
BRDA:23,3,1,0
BRDA:25,4,0,0
BRDA:25,4,1,0
BRDA:25,5,0,0
BRDA:25,5,1,0
BRDA:39,6,0,0
BRDA:39,6,1,0
BRDA:45,7,0,0
BRDA:45,7,1,0
BRDA:45,7,2,0
BRDA:56,8,0,0
BRDA:56,8,1,0
BRDA:68,9,0,0
BRDA:68,9,1,0
BRDA:81,10,0,0
BRDA:81,10,1,0
BRDA:86,11,0,0
BRDA:86,11,1,0
BRDA:97,12,0,0
BRDA:97,12,1,0
BRDA:108,13,0,0
BRDA:108,13,1,0
BRDA:118,14,0,0
BRDA:118,14,1,0
BRDA:118,14,2,0
BRDA:130,15,0,0
BRDA:130,15,1,0
BRDA:140,16,0,0
BRDA:140,16,1,0
BRDA:168,17,0,0
BRDA:168,17,1,0
BRDA:180,18,0,0
BRDA:180,18,1,0
BRDA:181,19,0,0
BRDA:181,19,1,0
BRDA:195,20,0,0
BRDA:195,20,1,0
BRDA:200,21,0,0
BRDA:200,21,1,0
BRDA:200,21,2,0
BRF:48
BRH:0
end_of_record
TN:
SF:src/pages/literature/StoryPlayerPage/StoryPlayerPage.js
FN:7,(anonymous_0)
FN:14,(anonymous_1)
FN:39,(anonymous_2)
FN:45,(anonymous_3)
FNF:4
FNH:0
FNDA:0,(anonymous_0)
FNDA:0,(anonymous_1)
FNDA:0,(anonymous_2)
FNDA:0,(anonymous_3)
DA:7,0
DA:9,0
DA:10,0
DA:12,0
DA:14,0
DA:16,0
DA:17,0
DA:26,0
DA:28,0
DA:29,0
DA:37,0
DA:39,0
DA:40,0
DA:41,0
DA:45,0
DA:46,0
DA:47,0
DA:51,0
DA:52,0
DA:54,0
LF:20
LH:0
BRDA:14,0,0,0
BRDA:14,0,1,0
BRDA:16,1,0,0
BRDA:16,1,1,0
BRDA:26,2,0,0
BRDA:26,2,1,0
BRDA:26,2,2,0
BRDA:26,2,3,0
BRDA:26,2,4,0
BRDA:28,3,0,0
BRDA:28,3,1,0
BRDA:28,4,0,0
BRDA:28,4,1,0
BRDA:40,5,0,0
BRDA:40,5,1,0
BRDA:46,6,0,0
BRDA:46,6,1,0
BRDA:73,7,0,0
BRDA:73,7,1,0
BRDA:80,8,0,0
BRDA:80,8,1,0
BRDA:87,9,0,0
BRDA:87,9,1,0
BRF:23
BRH:0
end_of_record
TN:
SF:src/utils/hinduCalendar.js
FN:9,gregorianToJD
FN:22,jdToGregorian
FN:40,getMoonPhase
FN:60,findLunarPhaseDate
FN:90,adjustForTimezone
FN:117,calculateDiwali
FN:138,calculateHoli
FN:159,calculateJanmashtami
FN:179,calculateGaneshChaturthi
FN:198,calculateNavratri
FN:217,calculateDussehra
FN:227,calculateRamNavami
FN:246,calculateMahaShivaratri
FN:265,calculateRakshaBandhan
FN:282,calculateGuruPurnima
FN:298,formatDate
FN:310,generateFestivalDatesForYear
FN:364,getCalculatedFestivals
FNF:18
FNH:0
FNDA:0,gregorianToJD
FNDA:0,jdToGregorian
FNDA:0,getMoonPhase
FNDA:0,findLunarPhaseDate
FNDA:0,adjustForTimezone
FNDA:0,calculateDiwali
FNDA:0,calculateHoli
FNDA:0,calculateJanmashtami
FNDA:0,calculateGaneshChaturthi
FNDA:0,calculateNavratri
FNDA:0,calculateDussehra
FNDA:0,calculateRamNavami
FNDA:0,calculateMahaShivaratri
FNDA:0,calculateRakshaBandhan
FNDA:0,calculateGuruPurnima
FNDA:0,formatDate
FNDA:0,generateFestivalDatesForYear
FNDA:0,getCalculatedFestivals
DA:10,0
DA:11,0
DA:12,0
DA:14,0
DA:23,0
DA:24,0
DA:25,0
DA:26,0
DA:27,0
DA:28,0
DA:30,0
DA:31,0
DA:32,0
DA:34,0
DA:41,0
DA:44,0
DA:47,0
DA:50,0
DA:51,0
DA:61,0
DA:62,0
DA:64,0
DA:65,0
DA:68,0
DA:69,0
DA:70,0
DA:76,0
DA:77,0
DA:78,0
DA:82,0
DA:94,0
DA:95,0
DA:98,0
DA:101,0
DA:102,0
DA:103,0
DA:104,0
DA:106,0
DA:109,0
DA:119,0
DA:122,0
DA:123,0
DA:124,0
DA:125,0
DA:126,0
DA:127,0
DA:131,0
DA:132,0
DA:140,0
DA:142,0
DA:143,0
DA:147,0
DA:148,0
DA:149,0
DA:152,0
DA:160,0
DA:163,0
DA:164,0
DA:167,0
DA:168,0
DA:169,0
DA:170,0
DA:173,0
DA:180,0
DA:183,0
DA:184,0
DA:186,0
DA:187,0
DA:188,0
DA:189,0
DA:192,0
DA:199,0
DA:202,0
DA:203,0
DA:205,0
DA:206,0
DA:207,0
DA:208,0
DA:211,0
DA:218,0
DA:219,0
DA:220,0
DA:221,0
DA:228,0
DA:231,0
DA:232,0
DA:234,0
DA:235,0
DA:236,0
DA:237,0
DA:240,0
DA:247,0
DA:250,0
DA:251,0
DA:253,0
DA:254,0
DA:255,0
DA:256,0
DA:259,0
DA:266,0
DA:269,0
DA:270,0
DA:271,0
DA:272,0
DA:276,0
DA:283,0
DA:285,0
DA:286,0
DA:287,0
DA:288,0
DA:292,0
DA:299,0
DA:300,0
DA:301,0
DA:302,0
DA:313,0
DA:314,0
DA:315,0
DA:317,0
DA:365,0
DA:367,0
DA:368,0
DA:369,0
DA:372,0
LF:124
LH:0
BRDA:61,0,0,0
BRDA:61,0,1,0
BRDA:76,1,0,0
BRDA:76,1,1,0
BRDA:90,2,0,0
BRDA:101,3,0,0
BRDA:101,3,1,0
BRDA:103,4,0,0
BRDA:103,4,1,0
BRDA:117,5,0,0
BRDA:122,6,0,0
BRDA:122,6,1,0
BRDA:124,7,0,0
BRDA:124,7,1,0
BRDA:127,8,0,0
BRDA:127,8,1,0
BRDA:132,9,0,0
BRDA:132,9,1,0
BRDA:142,10,0,0
BRDA:142,10,1,0
BRDA:148,11,0,0
BRDA:148,11,1,0
BRDA:168,12,0,0
BRDA:168,12,1,0
BRDA:187,13,0,0
BRDA:187,13,1,0
BRDA:206,14,0,0
BRDA:206,14,1,0
BRDA:235,15,0,0
BRDA:235,15,1,0
BRDA:253,16,0,0
BRDA:253,16,1,0
BRDA:269,17,0,0
BRDA:269,17,1,0
BRDA:271,18,0,0
BRDA:271,18,1,0
BRDA:285,19,0,0
BRDA:285,19,1,0
BRDA:287,20,0,0
BRDA:287,20,1,0
BRDA:310,21,0,0
BRF:41
BRH:0
end_of_record
TN:
SF:src/utils/locationService.js
FN:17,(anonymous_0)
FN:18,(anonymous_1)
FN:26,(anonymous_2)
FN:56,(anonymous_3)
FN:74,(anonymous_4)
FN:107,(anonymous_5)
FN:131,(anonymous_6)
FN:152,(anonymous_7)
FN:170,(anonymous_8)
FN:216,(anonymous_9)
FNF:10
FNH:0
FNDA:0,(anonymous_0)
FNDA:0,(anonymous_1)
FNDA:0,(anonymous_2)
FNDA:0,(anonymous_3)
FNDA:0,(anonymous_4)
FNDA:0,(anonymous_5)
FNDA:0,(anonymous_6)
FNDA:0,(anonymous_7)
FNDA:0,(anonymous_8)
FNDA:0,(anonymous_9)
DA:6,0
DA:17,0
DA:18,0
DA:19,0
DA:20,0
DA:21,0
DA:22,0
DA:25,0
DA:27,0
DA:30,0
DA:31,0
DA:32,0
DA:39,0
DA:40,0
DA:41,0
DA:43,0
DA:44,0
DA:51,0
DA:52,0
DA:53,0
DA:57,0
DA:59,0
DA:60,0
DA:74,0
DA:75,0
DA:77,0
DA:86,0
DA:87,0
DA:90,0
DA:91,0
DA:93,0
DA:99,0
DA:100,0
DA:107,0
DA:108,0
DA:109,0
DA:110,0
DA:111,0
DA:113,0
DA:114,0
DA:115,0
DA:116,0
DA:117,0
DA:122,0
DA:124,0
DA:131,0
DA:133,0
DA:134,0
DA:135,0
DA:139,0
DA:140,0
DA:141,0
DA:142,0
DA:144,0
DA:145,0
DA:152,0
DA:153,0
DA:161,0
DA:162,0
DA:164,0
DA:170,0
DA:171,0
DA:172,0
DA:178,0
DA:216,0
LF:65
LH:0
BRDA:19,0,0,0
BRDA:19,0,1,0
BRDA:60,1,0,0
BRDA:60,1,1,0
BRDA:86,2,0,0
BRDA:86,2,1,0
BRDA:91,3,0,0
BRDA:91,3,1,0
BRDA:94,4,0,0
BRDA:94,4,1,0
BRDA:94,4,2,0
BRDA:94,4,3,0
BRDA:94,4,4,0
BRDA:95,5,0,0
BRDA:95,5,1,0
BRDA:110,6,0,0
BRDA:110,6,1,0
BRDA:114,7,0,0
BRDA:114,7,1,0
BRDA:116,8,0,0
BRDA:116,8,1,0
BRDA:134,9,0,0
BRDA:134,9,1,0
BRDA:156,10,0,0
BRDA:156,10,1,0
BRDA:157,11,0,0
BRDA:157,11,1,0
BRF:27
BRH:0
end_of_record
TN:
SF:src/utils/searchService.js
FN:5,(anonymous_0)
FN:12,(anonymous_1)
FN:31,(anonymous_2)
FN:49,(anonymous_3)
FN:66,(anonymous_4)
FNF:5
FNH:0
FNDA:0,(anonymous_0)
FNDA:0,(anonymous_1)
FNDA:0,(anonymous_2)
FNDA:0,(anonymous_3)
FNDA:0,(anonymous_4)
DA:5,0
DA:6,0
DA:8,0
DA:9,0
DA:12,0
DA:13,0
DA:18,0
DA:31,0
DA:32,0
DA:36,0
DA:48,0
DA:49,0
DA:50,0
DA:51,0
DA:66,0
DA:67,0
DA:71,0
DA:83,0
LF:18
LH:0
BRDA:6,0,0,0
BRDA:6,0,1,0
BRDA:6,1,0,0
BRDA:6,1,1,0
BRDA:13,2,0,0
BRDA:13,2,1,0
BRDA:14,3,0,0
BRDA:14,3,1,0
BRDA:14,3,2,0
BRDA:14,3,3,0
BRDA:21,4,0,0
BRDA:21,4,1,0
BRDA:32,5,0,0
BRDA:32,5,1,0
BRDA:33,6,0,0
BRDA:33,6,1,0
BRDA:39,7,0,0
BRDA:39,7,1,0
BRDA:48,8,0,0
BRDA:48,8,1,0
BRDA:50,9,0,0
BRDA:50,9,1,0
BRDA:67,10,0,0
BRDA:67,10,1,0
BRDA:68,11,0,0
BRDA:68,11,1,0
BRDA:74,12,0,0
BRDA:74,12,1,0
BRF:28
BRH:0
end_of_record
TN:
SF:src/utils/testHinduCalendar.js
FN:14,(anonymous_0)
FN:20,(anonymous_1)
FNF:2
FNH:0
FNDA:0,(anonymous_0)
FNDA:0,(anonymous_1)
DA:6,0
DA:8,0
DA:9,0
DA:12,0
DA:14,0
DA:15,0
DA:16,0
DA:18,0
DA:20,0
DA:21,0
DA:23,0
DA:24,0
DA:25,0
DA:30,0
DA:31,0
LF:15
LH:0
BRDA:24,0,0,0
BRDA:24,0,1,0
BRF:2
BRH:0
end_of_record
